ARM GAS  C:\Users\geoma\AppData\Local\Temp\ccSATQOf.s 			page 1


   1              		.syntax unified
   2              		.cpu cortex-m4
   3              		.eabi_attribute 27, 1
   4              		.eabi_attribute 28, 1
   5              		.fpu fpv4-sp-d16
   6              		.eabi_attribute 20, 1
   7              		.eabi_attribute 21, 1
   8              		.eabi_attribute 23, 3
   9              		.eabi_attribute 24, 1
  10              		.eabi_attribute 25, 1
  11              		.eabi_attribute 26, 1
  12              		.eabi_attribute 30, 1
  13              		.eabi_attribute 34, 1
  14              		.eabi_attribute 18, 4
  15              		.thumb
  16              		.file	"stm32f3xx_hal_msp.c"
  17              		.text
  18              	.Ltext0:
  19              		.cfi_sections	.debug_frame
  20              		.section	.text.HAL_MspInit,"ax",%progbits
  21              		.align	2
  22              		.global	HAL_MspInit
  23              		.thumb
  24              		.thumb_func
  26              	HAL_MspInit:
  27              	.LFB123:
  28              		.file 1 "Src/stm32f3xx_hal_msp.c"
   1:Src/stm32f3xx_hal_msp.c **** /**
   2:Src/stm32f3xx_hal_msp.c ****   ******************************************************************************
   3:Src/stm32f3xx_hal_msp.c ****   * File Name          : stm32f3xx_hal_msp.c
   4:Src/stm32f3xx_hal_msp.c ****   * Description        : This file provides code for the MSP Initialization
   5:Src/stm32f3xx_hal_msp.c ****   *                      and de-Initialization codes.
   6:Src/stm32f3xx_hal_msp.c ****   ******************************************************************************
   7:Src/stm32f3xx_hal_msp.c ****   ** This notice applies to any and all portions of this file
   8:Src/stm32f3xx_hal_msp.c ****   * that are not between comment pairs USER CODE BEGIN and
   9:Src/stm32f3xx_hal_msp.c ****   * USER CODE END. Other portions of this file, whether
  10:Src/stm32f3xx_hal_msp.c ****   * inserted by the user or by software development tools
  11:Src/stm32f3xx_hal_msp.c ****   * are owned by their respective copyright owners.
  12:Src/stm32f3xx_hal_msp.c ****   *
  13:Src/stm32f3xx_hal_msp.c ****   * COPYRIGHT(c) 2020 STMicroelectronics
  14:Src/stm32f3xx_hal_msp.c ****   *
  15:Src/stm32f3xx_hal_msp.c ****   * Redistribution and use in source and binary forms, with or without modification,
  16:Src/stm32f3xx_hal_msp.c ****   * are permitted provided that the following conditions are met:
  17:Src/stm32f3xx_hal_msp.c ****   *   1. Redistributions of source code must retain the above copyright notice,
  18:Src/stm32f3xx_hal_msp.c ****   *      this list of conditions and the following disclaimer.
  19:Src/stm32f3xx_hal_msp.c ****   *   2. Redistributions in binary form must reproduce the above copyright notice,
  20:Src/stm32f3xx_hal_msp.c ****   *      this list of conditions and the following disclaimer in the documentation
  21:Src/stm32f3xx_hal_msp.c ****   *      and/or other materials provided with the distribution.
  22:Src/stm32f3xx_hal_msp.c ****   *   3. Neither the name of STMicroelectronics nor the names of its contributors
  23:Src/stm32f3xx_hal_msp.c ****   *      may be used to endorse or promote products derived from this software
  24:Src/stm32f3xx_hal_msp.c ****   *      without specific prior written permission.
  25:Src/stm32f3xx_hal_msp.c ****   *
  26:Src/stm32f3xx_hal_msp.c ****   * THIS SOFTWARE IS PROVIDED BY THE COPYRIGHT HOLDERS AND CONTRIBUTORS "AS IS"
  27:Src/stm32f3xx_hal_msp.c ****   * AND ANY EXPRESS OR IMPLIED WARRANTIES, INCLUDING, BUT NOT LIMITED TO, THE
  28:Src/stm32f3xx_hal_msp.c ****   * IMPLIED WARRANTIES OF MERCHANTABILITY AND FITNESS FOR A PARTICULAR PURPOSE ARE
  29:Src/stm32f3xx_hal_msp.c ****   * DISCLAIMED. IN NO EVENT SHALL THE COPYRIGHT HOLDER OR CONTRIBUTORS BE LIABLE
  30:Src/stm32f3xx_hal_msp.c ****   * FOR ANY DIRECT, INDIRECT, INCIDENTAL, SPECIAL, EXEMPLARY, OR CONSEQUENTIAL
ARM GAS  C:\Users\geoma\AppData\Local\Temp\ccSATQOf.s 			page 2


  31:Src/stm32f3xx_hal_msp.c ****   * DAMAGES (INCLUDING, BUT NOT LIMITED TO, PROCUREMENT OF SUBSTITUTE GOODS OR
  32:Src/stm32f3xx_hal_msp.c ****   * SERVICES; LOSS OF USE, DATA, OR PROFITS; OR BUSINESS INTERRUPTION) HOWEVER
  33:Src/stm32f3xx_hal_msp.c ****   * CAUSED AND ON ANY THEORY OF LIABILITY, WHETHER IN CONTRACT, STRICT LIABILITY,
  34:Src/stm32f3xx_hal_msp.c ****   * OR TORT (INCLUDING NEGLIGENCE OR OTHERWISE) ARISING IN ANY WAY OUT OF THE USE
  35:Src/stm32f3xx_hal_msp.c ****   * OF THIS SOFTWARE, EVEN IF ADVISED OF THE POSSIBILITY OF SUCH DAMAGE.
  36:Src/stm32f3xx_hal_msp.c ****   *
  37:Src/stm32f3xx_hal_msp.c ****   ******************************************************************************
  38:Src/stm32f3xx_hal_msp.c ****   */
  39:Src/stm32f3xx_hal_msp.c **** /* Includes ------------------------------------------------------------------*/
  40:Src/stm32f3xx_hal_msp.c **** #include "stm32f3xx_hal.h"
  41:Src/stm32f3xx_hal_msp.c **** 
  42:Src/stm32f3xx_hal_msp.c **** extern void _Error_Handler(char *, int);
  43:Src/stm32f3xx_hal_msp.c **** /* USER CODE BEGIN 0 */
  44:Src/stm32f3xx_hal_msp.c **** 
  45:Src/stm32f3xx_hal_msp.c **** /* USER CODE END 0 */
  46:Src/stm32f3xx_hal_msp.c **** /**
  47:Src/stm32f3xx_hal_msp.c ****   * Initializes the Global MSP.
  48:Src/stm32f3xx_hal_msp.c ****   */
  49:Src/stm32f3xx_hal_msp.c **** void HAL_MspInit(void)
  50:Src/stm32f3xx_hal_msp.c **** {
  29              		.loc 1 50 0
  30              		.cfi_startproc
  31              		@ args = 0, pretend = 0, frame = 8
  32              		@ frame_needed = 0, uses_anonymous_args = 0
  33 0000 00B5     		push	{lr}
  34              	.LCFI0:
  35              		.cfi_def_cfa_offset 4
  36              		.cfi_offset 14, -4
  37 0002 83B0     		sub	sp, sp, #12
  38              	.LCFI1:
  39              		.cfi_def_cfa_offset 16
  40              	.LBB2:
  51:Src/stm32f3xx_hal_msp.c ****   /* USER CODE BEGIN MspInit 0 */
  52:Src/stm32f3xx_hal_msp.c **** 
  53:Src/stm32f3xx_hal_msp.c ****   /* USER CODE END MspInit 0 */
  54:Src/stm32f3xx_hal_msp.c **** 
  55:Src/stm32f3xx_hal_msp.c ****   __HAL_RCC_SYSCFG_CLK_ENABLE();
  41              		.loc 1 55 0
  42 0004 1C4B     		ldr	r3, .L3
  43 0006 9A69     		ldr	r2, [r3, #24]
  44 0008 42F00102 		orr	r2, r2, #1
  45 000c 9A61     		str	r2, [r3, #24]
  46 000e 9B69     		ldr	r3, [r3, #24]
  47 0010 03F00103 		and	r3, r3, #1
  48 0014 0193     		str	r3, [sp, #4]
  49 0016 019B     		ldr	r3, [sp, #4]
  50              	.LBE2:
  56:Src/stm32f3xx_hal_msp.c **** 
  57:Src/stm32f3xx_hal_msp.c ****   HAL_NVIC_SetPriorityGrouping(NVIC_PRIORITYGROUP_0);
  51              		.loc 1 57 0
  52 0018 0720     		movs	r0, #7
  53 001a FFF7FEFF 		bl	HAL_NVIC_SetPriorityGrouping
  54              	.LVL0:
  58:Src/stm32f3xx_hal_msp.c **** 
  59:Src/stm32f3xx_hal_msp.c ****   /* System interrupt init*/
  60:Src/stm32f3xx_hal_msp.c ****   /* MemoryManagement_IRQn interrupt configuration */
  61:Src/stm32f3xx_hal_msp.c ****   HAL_NVIC_SetPriority(MemoryManagement_IRQn, 0, 0);
ARM GAS  C:\Users\geoma\AppData\Local\Temp\ccSATQOf.s 			page 3


  55              		.loc 1 61 0
  56 001e 6FF00B00 		mvn	r0, #11
  57 0022 0021     		movs	r1, #0
  58 0024 0A46     		mov	r2, r1
  59 0026 FFF7FEFF 		bl	HAL_NVIC_SetPriority
  60              	.LVL1:
  62:Src/stm32f3xx_hal_msp.c ****   /* BusFault_IRQn interrupt configuration */
  63:Src/stm32f3xx_hal_msp.c ****   HAL_NVIC_SetPriority(BusFault_IRQn, 0, 0);
  61              		.loc 1 63 0
  62 002a 6FF00A00 		mvn	r0, #10
  63 002e 0021     		movs	r1, #0
  64 0030 0A46     		mov	r2, r1
  65 0032 FFF7FEFF 		bl	HAL_NVIC_SetPriority
  66              	.LVL2:
  64:Src/stm32f3xx_hal_msp.c ****   /* UsageFault_IRQn interrupt configuration */
  65:Src/stm32f3xx_hal_msp.c ****   HAL_NVIC_SetPriority(UsageFault_IRQn, 0, 0);
  67              		.loc 1 65 0
  68 0036 6FF00900 		mvn	r0, #9
  69 003a 0021     		movs	r1, #0
  70 003c 0A46     		mov	r2, r1
  71 003e FFF7FEFF 		bl	HAL_NVIC_SetPriority
  72              	.LVL3:
  66:Src/stm32f3xx_hal_msp.c ****   /* SVCall_IRQn interrupt configuration */
  67:Src/stm32f3xx_hal_msp.c ****   HAL_NVIC_SetPriority(SVCall_IRQn, 0, 0);
  73              		.loc 1 67 0
  74 0042 6FF00400 		mvn	r0, #4
  75 0046 0021     		movs	r1, #0
  76 0048 0A46     		mov	r2, r1
  77 004a FFF7FEFF 		bl	HAL_NVIC_SetPriority
  78              	.LVL4:
  68:Src/stm32f3xx_hal_msp.c ****   /* DebugMonitor_IRQn interrupt configuration */
  69:Src/stm32f3xx_hal_msp.c ****   HAL_NVIC_SetPriority(DebugMonitor_IRQn, 0, 0);
  79              		.loc 1 69 0
  80 004e 6FF00300 		mvn	r0, #3
  81 0052 0021     		movs	r1, #0
  82 0054 0A46     		mov	r2, r1
  83 0056 FFF7FEFF 		bl	HAL_NVIC_SetPriority
  84              	.LVL5:
  70:Src/stm32f3xx_hal_msp.c ****   /* PendSV_IRQn interrupt configuration */
  71:Src/stm32f3xx_hal_msp.c ****   HAL_NVIC_SetPriority(PendSV_IRQn, 0, 0);
  85              		.loc 1 71 0
  86 005a 6FF00100 		mvn	r0, #1
  87 005e 0021     		movs	r1, #0
  88 0060 0A46     		mov	r2, r1
  89 0062 FFF7FEFF 		bl	HAL_NVIC_SetPriority
  90              	.LVL6:
  72:Src/stm32f3xx_hal_msp.c ****   /* SysTick_IRQn interrupt configuration */
  73:Src/stm32f3xx_hal_msp.c ****   HAL_NVIC_SetPriority(SysTick_IRQn, 0, 0);
  91              		.loc 1 73 0
  92 0066 4FF0FF30 		mov	r0, #-1
  93 006a 0021     		movs	r1, #0
  94 006c 0A46     		mov	r2, r1
  95 006e FFF7FEFF 		bl	HAL_NVIC_SetPriority
  96              	.LVL7:
  74:Src/stm32f3xx_hal_msp.c **** 
  75:Src/stm32f3xx_hal_msp.c ****   /* USER CODE BEGIN MspInit 1 */
  76:Src/stm32f3xx_hal_msp.c **** 
ARM GAS  C:\Users\geoma\AppData\Local\Temp\ccSATQOf.s 			page 4


  77:Src/stm32f3xx_hal_msp.c ****   /* USER CODE END MspInit 1 */
  78:Src/stm32f3xx_hal_msp.c **** }
  97              		.loc 1 78 0
  98 0072 03B0     		add	sp, sp, #12
  99              	.LCFI2:
 100              		.cfi_def_cfa_offset 4
 101              		@ sp needed
 102 0074 5DF804FB 		ldr	pc, [sp], #4
 103              	.L4:
 104              		.align	2
 105              	.L3:
 106 0078 00100240 		.word	1073876992
 107              		.cfi_endproc
 108              	.LFE123:
 110              		.section	.text.HAL_UART_MspInit,"ax",%progbits
 111              		.align	2
 112              		.global	HAL_UART_MspInit
 113              		.thumb
 114              		.thumb_func
 116              	HAL_UART_MspInit:
 117              	.LFB124:
  79:Src/stm32f3xx_hal_msp.c **** 
  80:Src/stm32f3xx_hal_msp.c **** void HAL_UART_MspInit(UART_HandleTypeDef* huart)
  81:Src/stm32f3xx_hal_msp.c **** {
 118              		.loc 1 81 0
 119              		.cfi_startproc
 120              		@ args = 0, pretend = 0, frame = 24
 121              		@ frame_needed = 0, uses_anonymous_args = 0
 122              	.LVL8:
  82:Src/stm32f3xx_hal_msp.c **** 
  83:Src/stm32f3xx_hal_msp.c ****   GPIO_InitTypeDef GPIO_InitStruct;
  84:Src/stm32f3xx_hal_msp.c ****   if(huart->Instance==USART2)
 123              		.loc 1 84 0
 124 0000 0268     		ldr	r2, [r0]
 125 0002 144B     		ldr	r3, .L9
 126 0004 9A42     		cmp	r2, r3
 127 0006 24D1     		bne	.L8
  81:Src/stm32f3xx_hal_msp.c **** 
 128              		.loc 1 81 0
 129 0008 10B5     		push	{r4, lr}
 130              	.LCFI3:
 131              		.cfi_def_cfa_offset 8
 132              		.cfi_offset 4, -8
 133              		.cfi_offset 14, -4
 134 000a 86B0     		sub	sp, sp, #24
 135              	.LCFI4:
 136              		.cfi_def_cfa_offset 32
 137              	.LBB3:
  85:Src/stm32f3xx_hal_msp.c ****   {
  86:Src/stm32f3xx_hal_msp.c ****   /* USER CODE BEGIN USART2_MspInit 0 */
  87:Src/stm32f3xx_hal_msp.c **** 
  88:Src/stm32f3xx_hal_msp.c ****   /* USER CODE END USART2_MspInit 0 */
  89:Src/stm32f3xx_hal_msp.c ****     /* Peripheral clock enable */
  90:Src/stm32f3xx_hal_msp.c ****     __HAL_RCC_USART2_CLK_ENABLE();
 138              		.loc 1 90 0
 139 000c 03F5E633 		add	r3, r3, #117760
 140 0010 DA69     		ldr	r2, [r3, #28]
ARM GAS  C:\Users\geoma\AppData\Local\Temp\ccSATQOf.s 			page 5


 141 0012 42F40032 		orr	r2, r2, #131072
 142 0016 DA61     		str	r2, [r3, #28]
 143 0018 DB69     		ldr	r3, [r3, #28]
 144 001a 03F40033 		and	r3, r3, #131072
 145 001e 0093     		str	r3, [sp]
 146 0020 009B     		ldr	r3, [sp]
 147              	.LBE3:
  91:Src/stm32f3xx_hal_msp.c **** 
  92:Src/stm32f3xx_hal_msp.c ****     /**USART2 GPIO Configuration
  93:Src/stm32f3xx_hal_msp.c ****     PA2     ------> USART2_TX
  94:Src/stm32f3xx_hal_msp.c ****     PA3     ------> USART2_RX
  95:Src/stm32f3xx_hal_msp.c ****     */
  96:Src/stm32f3xx_hal_msp.c ****     GPIO_InitStruct.Pin = USART_TX_Pin|USART_RX_Pin;
 148              		.loc 1 96 0
 149 0022 0C23     		movs	r3, #12
 150 0024 0193     		str	r3, [sp, #4]
  97:Src/stm32f3xx_hal_msp.c ****     GPIO_InitStruct.Mode = GPIO_MODE_AF_PP;
 151              		.loc 1 97 0
 152 0026 0223     		movs	r3, #2
 153 0028 0293     		str	r3, [sp, #8]
  98:Src/stm32f3xx_hal_msp.c ****     GPIO_InitStruct.Pull = GPIO_NOPULL;
 154              		.loc 1 98 0
 155 002a 0024     		movs	r4, #0
 156 002c 0394     		str	r4, [sp, #12]
  99:Src/stm32f3xx_hal_msp.c ****     GPIO_InitStruct.Speed = GPIO_SPEED_FREQ_LOW;
 157              		.loc 1 99 0
 158 002e 0494     		str	r4, [sp, #16]
 100:Src/stm32f3xx_hal_msp.c ****     GPIO_InitStruct.Alternate = GPIO_AF7_USART2;
 159              		.loc 1 100 0
 160 0030 0723     		movs	r3, #7
 161 0032 0593     		str	r3, [sp, #20]
 101:Src/stm32f3xx_hal_msp.c ****     HAL_GPIO_Init(GPIOA, &GPIO_InitStruct);
 162              		.loc 1 101 0
 163 0034 4FF09040 		mov	r0, #1207959552
 164              	.LVL9:
 165 0038 01A9     		add	r1, sp, #4
 166 003a FFF7FEFF 		bl	HAL_GPIO_Init
 167              	.LVL10:
 102:Src/stm32f3xx_hal_msp.c **** 
 103:Src/stm32f3xx_hal_msp.c ****     /* USART2 interrupt Init */
 104:Src/stm32f3xx_hal_msp.c ****     HAL_NVIC_SetPriority(USART2_IRQn, 0, 0);
 168              		.loc 1 104 0
 169 003e 2620     		movs	r0, #38
 170 0040 2146     		mov	r1, r4
 171 0042 2246     		mov	r2, r4
 172 0044 FFF7FEFF 		bl	HAL_NVIC_SetPriority
 173              	.LVL11:
 105:Src/stm32f3xx_hal_msp.c ****     HAL_NVIC_EnableIRQ(USART2_IRQn);
 174              		.loc 1 105 0
 175 0048 2620     		movs	r0, #38
 176 004a FFF7FEFF 		bl	HAL_NVIC_EnableIRQ
 177              	.LVL12:
 106:Src/stm32f3xx_hal_msp.c ****   /* USER CODE BEGIN USART2_MspInit 1 */
 107:Src/stm32f3xx_hal_msp.c **** 
 108:Src/stm32f3xx_hal_msp.c ****   /* USER CODE END USART2_MspInit 1 */
 109:Src/stm32f3xx_hal_msp.c ****   }
 110:Src/stm32f3xx_hal_msp.c **** 
ARM GAS  C:\Users\geoma\AppData\Local\Temp\ccSATQOf.s 			page 6


 111:Src/stm32f3xx_hal_msp.c **** }
 178              		.loc 1 111 0
 179 004e 06B0     		add	sp, sp, #24
 180              	.LCFI5:
 181              		.cfi_def_cfa_offset 8
 182              		@ sp needed
 183 0050 10BD     		pop	{r4, pc}
 184              	.LVL13:
 185              	.L8:
 186              	.LCFI6:
 187              		.cfi_def_cfa_offset 0
 188              		.cfi_restore 4
 189              		.cfi_restore 14
 190 0052 7047     		bx	lr
 191              	.L10:
 192              		.align	2
 193              	.L9:
 194 0054 00440040 		.word	1073759232
 195              		.cfi_endproc
 196              	.LFE124:
 198              		.section	.text.HAL_UART_MspDeInit,"ax",%progbits
 199              		.align	2
 200              		.global	HAL_UART_MspDeInit
 201              		.thumb
 202              		.thumb_func
 204              	HAL_UART_MspDeInit:
 205              	.LFB125:
 112:Src/stm32f3xx_hal_msp.c **** 
 113:Src/stm32f3xx_hal_msp.c **** void HAL_UART_MspDeInit(UART_HandleTypeDef* huart)
 114:Src/stm32f3xx_hal_msp.c **** {
 206              		.loc 1 114 0
 207              		.cfi_startproc
 208              		@ args = 0, pretend = 0, frame = 0
 209              		@ frame_needed = 0, uses_anonymous_args = 0
 210              	.LVL14:
 211 0000 08B5     		push	{r3, lr}
 212              	.LCFI7:
 213              		.cfi_def_cfa_offset 8
 214              		.cfi_offset 3, -8
 215              		.cfi_offset 14, -4
 115:Src/stm32f3xx_hal_msp.c **** 
 116:Src/stm32f3xx_hal_msp.c ****   if(huart->Instance==USART2)
 216              		.loc 1 116 0
 217 0002 0268     		ldr	r2, [r0]
 218 0004 084B     		ldr	r3, .L14
 219 0006 9A42     		cmp	r2, r3
 220 0008 0CD1     		bne	.L11
 117:Src/stm32f3xx_hal_msp.c ****   {
 118:Src/stm32f3xx_hal_msp.c ****   /* USER CODE BEGIN USART2_MspDeInit 0 */
 119:Src/stm32f3xx_hal_msp.c **** 
 120:Src/stm32f3xx_hal_msp.c ****   /* USER CODE END USART2_MspDeInit 0 */
 121:Src/stm32f3xx_hal_msp.c ****     /* Peripheral clock disable */
 122:Src/stm32f3xx_hal_msp.c ****     __HAL_RCC_USART2_CLK_DISABLE();
 221              		.loc 1 122 0
 222 000a 084A     		ldr	r2, .L14+4
 223 000c D369     		ldr	r3, [r2, #28]
 224 000e 23F40033 		bic	r3, r3, #131072
ARM GAS  C:\Users\geoma\AppData\Local\Temp\ccSATQOf.s 			page 7


 225 0012 D361     		str	r3, [r2, #28]
 123:Src/stm32f3xx_hal_msp.c **** 
 124:Src/stm32f3xx_hal_msp.c ****     /**USART2 GPIO Configuration
 125:Src/stm32f3xx_hal_msp.c ****     PA2     ------> USART2_TX
 126:Src/stm32f3xx_hal_msp.c ****     PA3     ------> USART2_RX
 127:Src/stm32f3xx_hal_msp.c ****     */
 128:Src/stm32f3xx_hal_msp.c ****     HAL_GPIO_DeInit(GPIOA, USART_TX_Pin|USART_RX_Pin);
 226              		.loc 1 128 0
 227 0014 4FF09040 		mov	r0, #1207959552
 228              	.LVL15:
 229 0018 0C21     		movs	r1, #12
 230 001a FFF7FEFF 		bl	HAL_GPIO_DeInit
 231              	.LVL16:
 129:Src/stm32f3xx_hal_msp.c **** 
 130:Src/stm32f3xx_hal_msp.c ****     /* USART2 interrupt DeInit */
 131:Src/stm32f3xx_hal_msp.c ****     HAL_NVIC_DisableIRQ(USART2_IRQn);
 232              		.loc 1 131 0
 233 001e 2620     		movs	r0, #38
 234 0020 FFF7FEFF 		bl	HAL_NVIC_DisableIRQ
 235              	.LVL17:
 236              	.L11:
 237 0024 08BD     		pop	{r3, pc}
 238              	.L15:
 239 0026 00BF     		.align	2
 240              	.L14:
 241 0028 00440040 		.word	1073759232
 242 002c 00100240 		.word	1073876992
 243              		.cfi_endproc
 244              	.LFE125:
 246              		.text
 247              	.Letext0:
 248              		.file 2 "Drivers/CMSIS/Device/ST/STM32F3xx/Include/stm32f302x8.h"
 249              		.file 3 "c:\\program files (x86)\\gnu tools arm embedded\\4.9 2015q2\\arm-none-eabi\\include\\mach
 250              		.file 4 "c:\\program files (x86)\\gnu tools arm embedded\\4.9 2015q2\\arm-none-eabi\\include\\sys\
 251              		.file 5 "Drivers/STM32F3xx_HAL_Driver/Inc/stm32f3xx_hal_def.h"
 252              		.file 6 "Drivers/STM32F3xx_HAL_Driver/Inc/stm32f3xx_hal_gpio.h"
 253              		.file 7 "Drivers/STM32F3xx_HAL_Driver/Inc/stm32f3xx_hal_dma.h"
 254              		.file 8 "Drivers/STM32F3xx_HAL_Driver/Inc/stm32f3xx_hal_uart.h"
 255              		.file 9 "Drivers/STM32F3xx_HAL_Driver/Inc/stm32f3xx_hal_cortex.h"
 256              		.file 10 "Drivers/CMSIS/Include/core_cm4.h"
ARM GAS  C:\Users\geoma\AppData\Local\Temp\ccSATQOf.s 			page 8


DEFINED SYMBOLS
                            *ABS*:00000000 stm32f3xx_hal_msp.c
C:\Users\geoma\AppData\Local\Temp\ccSATQOf.s:21     .text.HAL_MspInit:00000000 $t
C:\Users\geoma\AppData\Local\Temp\ccSATQOf.s:26     .text.HAL_MspInit:00000000 HAL_MspInit
C:\Users\geoma\AppData\Local\Temp\ccSATQOf.s:106    .text.HAL_MspInit:00000078 $d
C:\Users\geoma\AppData\Local\Temp\ccSATQOf.s:111    .text.HAL_UART_MspInit:00000000 $t
C:\Users\geoma\AppData\Local\Temp\ccSATQOf.s:116    .text.HAL_UART_MspInit:00000000 HAL_UART_MspInit
C:\Users\geoma\AppData\Local\Temp\ccSATQOf.s:194    .text.HAL_UART_MspInit:00000054 $d
C:\Users\geoma\AppData\Local\Temp\ccSATQOf.s:199    .text.HAL_UART_MspDeInit:00000000 $t
C:\Users\geoma\AppData\Local\Temp\ccSATQOf.s:204    .text.HAL_UART_MspDeInit:00000000 HAL_UART_MspDeInit
C:\Users\geoma\AppData\Local\Temp\ccSATQOf.s:241    .text.HAL_UART_MspDeInit:00000028 $d
                     .debug_frame:00000010 $d

UNDEFINED SYMBOLS
HAL_NVIC_SetPriorityGrouping
HAL_NVIC_SetPriority
HAL_GPIO_Init
HAL_NVIC_EnableIRQ
HAL_GPIO_DeInit
HAL_NVIC_DisableIRQ
