ARM GAS  C:\Users\geoma\AppData\Local\Temp\ccaJzHlH.s 			page 1


   1              		.syntax unified
   2              		.cpu cortex-m4
   3              		.eabi_attribute 27, 1
   4              		.eabi_attribute 28, 1
   5              		.fpu fpv4-sp-d16
   6              		.eabi_attribute 20, 1
   7              		.eabi_attribute 21, 1
   8              		.eabi_attribute 23, 3
   9              		.eabi_attribute 24, 1
  10              		.eabi_attribute 25, 1
  11              		.eabi_attribute 26, 1
  12              		.eabi_attribute 30, 1
  13              		.eabi_attribute 34, 1
  14              		.eabi_attribute 18, 4
  15              		.thumb
  16              		.file	"stm32f3xx_it.c"
  17              		.text
  18              	.Ltext0:
  19              		.cfi_sections	.debug_frame
  20              		.section	.text.SysTick_Handler,"ax",%progbits
  21              		.align	2
  22              		.global	SysTick_Handler
  23              		.thumb
  24              		.thumb_func
  26              	SysTick_Handler:
  27              	.LFB123:
  28              		.file 1 "Src/stm32f3xx_it.c"
   1:Src/stm32f3xx_it.c **** /**
   2:Src/stm32f3xx_it.c ****   ******************************************************************************
   3:Src/stm32f3xx_it.c ****   * @file    stm32f3xx_it.c
   4:Src/stm32f3xx_it.c ****   * @brief   Interrupt Service Routines.
   5:Src/stm32f3xx_it.c ****   ******************************************************************************
   6:Src/stm32f3xx_it.c ****   *
   7:Src/stm32f3xx_it.c ****   * COPYRIGHT(c) 2020 STMicroelectronics
   8:Src/stm32f3xx_it.c ****   *
   9:Src/stm32f3xx_it.c ****   * Redistribution and use in source and binary forms, with or without modification,
  10:Src/stm32f3xx_it.c ****   * are permitted provided that the following conditions are met:
  11:Src/stm32f3xx_it.c ****   *   1. Redistributions of source code must retain the above copyright notice,
  12:Src/stm32f3xx_it.c ****   *      this list of conditions and the following disclaimer.
  13:Src/stm32f3xx_it.c ****   *   2. Redistributions in binary form must reproduce the above copyright notice,
  14:Src/stm32f3xx_it.c ****   *      this list of conditions and the following disclaimer in the documentation
  15:Src/stm32f3xx_it.c ****   *      and/or other materials provided with the distribution.
  16:Src/stm32f3xx_it.c ****   *   3. Neither the name of STMicroelectronics nor the names of its contributors
  17:Src/stm32f3xx_it.c ****   *      may be used to endorse or promote products derived from this software
  18:Src/stm32f3xx_it.c ****   *      without specific prior written permission.
  19:Src/stm32f3xx_it.c ****   *
  20:Src/stm32f3xx_it.c ****   * THIS SOFTWARE IS PROVIDED BY THE COPYRIGHT HOLDERS AND CONTRIBUTORS "AS IS"
  21:Src/stm32f3xx_it.c ****   * AND ANY EXPRESS OR IMPLIED WARRANTIES, INCLUDING, BUT NOT LIMITED TO, THE
  22:Src/stm32f3xx_it.c ****   * IMPLIED WARRANTIES OF MERCHANTABILITY AND FITNESS FOR A PARTICULAR PURPOSE ARE
  23:Src/stm32f3xx_it.c ****   * DISCLAIMED. IN NO EVENT SHALL THE COPYRIGHT HOLDER OR CONTRIBUTORS BE LIABLE
  24:Src/stm32f3xx_it.c ****   * FOR ANY DIRECT, INDIRECT, INCIDENTAL, SPECIAL, EXEMPLARY, OR CONSEQUENTIAL
  25:Src/stm32f3xx_it.c ****   * DAMAGES (INCLUDING, BUT NOT LIMITED TO, PROCUREMENT OF SUBSTITUTE GOODS OR
  26:Src/stm32f3xx_it.c ****   * SERVICES; LOSS OF USE, DATA, OR PROFITS; OR BUSINESS INTERRUPTION) HOWEVER
  27:Src/stm32f3xx_it.c ****   * CAUSED AND ON ANY THEORY OF LIABILITY, WHETHER IN CONTRACT, STRICT LIABILITY,
  28:Src/stm32f3xx_it.c ****   * OR TORT (INCLUDING NEGLIGENCE OR OTHERWISE) ARISING IN ANY WAY OUT OF THE USE
  29:Src/stm32f3xx_it.c ****   * OF THIS SOFTWARE, EVEN IF ADVISED OF THE POSSIBILITY OF SUCH DAMAGE.
  30:Src/stm32f3xx_it.c ****   *
ARM GAS  C:\Users\geoma\AppData\Local\Temp\ccaJzHlH.s 			page 2


  31:Src/stm32f3xx_it.c ****   ******************************************************************************
  32:Src/stm32f3xx_it.c ****   */
  33:Src/stm32f3xx_it.c **** /* Includes ------------------------------------------------------------------*/
  34:Src/stm32f3xx_it.c **** #include "stm32f3xx_hal.h"
  35:Src/stm32f3xx_it.c **** #include "stm32f3xx.h"
  36:Src/stm32f3xx_it.c **** #include "stm32f3xx_it.h"
  37:Src/stm32f3xx_it.c **** 
  38:Src/stm32f3xx_it.c **** /* USER CODE BEGIN 0 */
  39:Src/stm32f3xx_it.c **** 
  40:Src/stm32f3xx_it.c **** /* USER CODE END 0 */
  41:Src/stm32f3xx_it.c **** 
  42:Src/stm32f3xx_it.c **** /* External variables --------------------------------------------------------*/
  43:Src/stm32f3xx_it.c **** extern UART_HandleTypeDef huart2;
  44:Src/stm32f3xx_it.c **** 
  45:Src/stm32f3xx_it.c **** /******************************************************************************/
  46:Src/stm32f3xx_it.c **** /*            Cortex-M4 Processor Interruption and Exception Handlers         */
  47:Src/stm32f3xx_it.c **** /******************************************************************************/
  48:Src/stm32f3xx_it.c **** 
  49:Src/stm32f3xx_it.c **** /**
  50:Src/stm32f3xx_it.c **** * @brief This function handles System tick timer.
  51:Src/stm32f3xx_it.c **** */
  52:Src/stm32f3xx_it.c **** void SysTick_Handler(void)
  53:Src/stm32f3xx_it.c **** {
  29              		.loc 1 53 0
  30              		.cfi_startproc
  31              		@ args = 0, pretend = 0, frame = 0
  32              		@ frame_needed = 0, uses_anonymous_args = 0
  33 0000 08B5     		push	{r3, lr}
  34              	.LCFI0:
  35              		.cfi_def_cfa_offset 8
  36              		.cfi_offset 3, -8
  37              		.cfi_offset 14, -4
  54:Src/stm32f3xx_it.c ****   /* USER CODE BEGIN SysTick_IRQn 0 */
  55:Src/stm32f3xx_it.c **** 
  56:Src/stm32f3xx_it.c ****   /* USER CODE END SysTick_IRQn 0 */
  57:Src/stm32f3xx_it.c ****   HAL_IncTick();
  38              		.loc 1 57 0
  39 0002 FFF7FEFF 		bl	HAL_IncTick
  40              	.LVL0:
  58:Src/stm32f3xx_it.c ****   HAL_SYSTICK_IRQHandler();
  41              		.loc 1 58 0
  42 0006 FFF7FEFF 		bl	HAL_SYSTICK_IRQHandler
  43              	.LVL1:
  44 000a 08BD     		pop	{r3, pc}
  45              		.cfi_endproc
  46              	.LFE123:
  48              		.section	.text.USART2_IRQHandler,"ax",%progbits
  49              		.align	2
  50              		.global	USART2_IRQHandler
  51              		.thumb
  52              		.thumb_func
  54              	USART2_IRQHandler:
  55              	.LFB124:
  59:Src/stm32f3xx_it.c ****   /* USER CODE BEGIN SysTick_IRQn 1 */
  60:Src/stm32f3xx_it.c **** 
  61:Src/stm32f3xx_it.c ****   /* USER CODE END SysTick_IRQn 1 */
  62:Src/stm32f3xx_it.c **** }
ARM GAS  C:\Users\geoma\AppData\Local\Temp\ccaJzHlH.s 			page 3


  63:Src/stm32f3xx_it.c **** 
  64:Src/stm32f3xx_it.c **** /******************************************************************************/
  65:Src/stm32f3xx_it.c **** /* STM32F3xx Peripheral Interrupt Handlers                                    */
  66:Src/stm32f3xx_it.c **** /* Add here the Interrupt Handlers for the used peripherals.                  */
  67:Src/stm32f3xx_it.c **** /* For the available peripheral interrupt handler names,                      */
  68:Src/stm32f3xx_it.c **** /* please refer to the startup file (startup_stm32f3xx.s).                    */
  69:Src/stm32f3xx_it.c **** /******************************************************************************/
  70:Src/stm32f3xx_it.c **** 
  71:Src/stm32f3xx_it.c **** /**
  72:Src/stm32f3xx_it.c **** * @brief This function handles USART2 global interrupt.
  73:Src/stm32f3xx_it.c **** */
  74:Src/stm32f3xx_it.c **** void USART2_IRQHandler(void)
  75:Src/stm32f3xx_it.c **** {
  56              		.loc 1 75 0
  57              		.cfi_startproc
  58              		@ args = 0, pretend = 0, frame = 0
  59              		@ frame_needed = 0, uses_anonymous_args = 0
  60 0000 08B5     		push	{r3, lr}
  61              	.LCFI1:
  62              		.cfi_def_cfa_offset 8
  63              		.cfi_offset 3, -8
  64              		.cfi_offset 14, -4
  76:Src/stm32f3xx_it.c ****   /* USER CODE BEGIN USART2_IRQn 0 */
  77:Src/stm32f3xx_it.c **** 
  78:Src/stm32f3xx_it.c ****   /* USER CODE END USART2_IRQn 0 */
  79:Src/stm32f3xx_it.c ****   HAL_UART_IRQHandler(&huart2);
  65              		.loc 1 79 0
  66 0002 0248     		ldr	r0, .L5
  67 0004 FFF7FEFF 		bl	HAL_UART_IRQHandler
  68              	.LVL2:
  69 0008 08BD     		pop	{r3, pc}
  70              	.L6:
  71 000a 00BF     		.align	2
  72              	.L5:
  73 000c 00000000 		.word	huart2
  74              		.cfi_endproc
  75              	.LFE124:
  77              		.section	.text.EXTI15_10_IRQHandler,"ax",%progbits
  78              		.align	2
  79              		.global	EXTI15_10_IRQHandler
  80              		.thumb
  81              		.thumb_func
  83              	EXTI15_10_IRQHandler:
  84              	.LFB125:
  80:Src/stm32f3xx_it.c ****   /* USER CODE BEGIN USART2_IRQn 1 */
  81:Src/stm32f3xx_it.c **** 
  82:Src/stm32f3xx_it.c ****   /* USER CODE END USART2_IRQn 1 */
  83:Src/stm32f3xx_it.c **** }
  84:Src/stm32f3xx_it.c **** 
  85:Src/stm32f3xx_it.c **** /**
  86:Src/stm32f3xx_it.c **** * @brief This function handles EXTI line[15:10] interrupts.
  87:Src/stm32f3xx_it.c **** */
  88:Src/stm32f3xx_it.c **** void EXTI15_10_IRQHandler(void)
  89:Src/stm32f3xx_it.c **** {
  85              		.loc 1 89 0
  86              		.cfi_startproc
  87              		@ args = 0, pretend = 0, frame = 0
ARM GAS  C:\Users\geoma\AppData\Local\Temp\ccaJzHlH.s 			page 4


  88              		@ frame_needed = 0, uses_anonymous_args = 0
  89 0000 08B5     		push	{r3, lr}
  90              	.LCFI2:
  91              		.cfi_def_cfa_offset 8
  92              		.cfi_offset 3, -8
  93              		.cfi_offset 14, -4
  90:Src/stm32f3xx_it.c ****   /* USER CODE BEGIN EXTI15_10_IRQn 0 */
  91:Src/stm32f3xx_it.c **** 
  92:Src/stm32f3xx_it.c ****   /* USER CODE END EXTI15_10_IRQn 0 */
  93:Src/stm32f3xx_it.c ****   HAL_GPIO_EXTI_IRQHandler(GPIO_PIN_13);
  94              		.loc 1 93 0
  95 0002 4FF40050 		mov	r0, #8192
  96 0006 FFF7FEFF 		bl	HAL_GPIO_EXTI_IRQHandler
  97              	.LVL3:
  98 000a 08BD     		pop	{r3, pc}
  99              		.cfi_endproc
 100              	.LFE125:
 102              		.text
 103              	.Letext0:
 104              		.file 2 "c:\\program files (x86)\\gnu tools arm embedded\\4.9 2015q2\\arm-none-eabi\\include\\mach
 105              		.file 3 "c:\\program files (x86)\\gnu tools arm embedded\\4.9 2015q2\\arm-none-eabi\\include\\sys\
 106              		.file 4 "Drivers/CMSIS/Device/ST/STM32F3xx/Include/stm32f302x8.h"
 107              		.file 5 "Drivers/STM32F3xx_HAL_Driver/Inc/stm32f3xx_hal_def.h"
 108              		.file 6 "Drivers/STM32F3xx_HAL_Driver/Inc/stm32f3xx_hal_dma.h"
 109              		.file 7 "Drivers/STM32F3xx_HAL_Driver/Inc/stm32f3xx_hal_uart.h"
 110              		.file 8 "Drivers/CMSIS/Include/core_cm4.h"
 111              		.file 9 "Drivers/STM32F3xx_HAL_Driver/Inc/stm32f3xx_hal.h"
 112              		.file 10 "Drivers/STM32F3xx_HAL_Driver/Inc/stm32f3xx_hal_cortex.h"
 113              		.file 11 "Drivers/STM32F3xx_HAL_Driver/Inc/stm32f3xx_hal_gpio.h"
ARM GAS  C:\Users\geoma\AppData\Local\Temp\ccaJzHlH.s 			page 5


DEFINED SYMBOLS
                            *ABS*:00000000 stm32f3xx_it.c
C:\Users\geoma\AppData\Local\Temp\ccaJzHlH.s:21     .text.SysTick_Handler:00000000 $t
C:\Users\geoma\AppData\Local\Temp\ccaJzHlH.s:26     .text.SysTick_Handler:00000000 SysTick_Handler
C:\Users\geoma\AppData\Local\Temp\ccaJzHlH.s:49     .text.USART2_IRQHandler:00000000 $t
C:\Users\geoma\AppData\Local\Temp\ccaJzHlH.s:54     .text.USART2_IRQHandler:00000000 USART2_IRQHandler
C:\Users\geoma\AppData\Local\Temp\ccaJzHlH.s:73     .text.USART2_IRQHandler:0000000c $d
C:\Users\geoma\AppData\Local\Temp\ccaJzHlH.s:78     .text.EXTI15_10_IRQHandler:00000000 $t
C:\Users\geoma\AppData\Local\Temp\ccaJzHlH.s:83     .text.EXTI15_10_IRQHandler:00000000 EXTI15_10_IRQHandler
                     .debug_frame:00000010 $d

UNDEFINED SYMBOLS
HAL_IncTick
HAL_SYSTICK_IRQHandler
HAL_UART_IRQHandler
huart2
HAL_GPIO_EXTI_IRQHandler
