ARM GAS  C:\Users\geoma\AppData\Local\Temp\ccx5B7eO.s 			page 1


   1              		.syntax unified
   2              		.cpu cortex-m4
   3              		.eabi_attribute 27, 1
   4              		.eabi_attribute 28, 1
   5              		.fpu fpv4-sp-d16
   6              		.eabi_attribute 20, 1
   7              		.eabi_attribute 21, 1
   8              		.eabi_attribute 23, 3
   9              		.eabi_attribute 24, 1
  10              		.eabi_attribute 25, 1
  11              		.eabi_attribute 26, 1
  12              		.eabi_attribute 30, 1
  13              		.eabi_attribute 34, 1
  14              		.eabi_attribute 18, 4
  15              		.thumb
  16              		.file	"USART_IT_F302R8_04_USART.c"
  17              		.text
  18              	.Ltext0:
  19              		.cfi_sections	.debug_frame
  20              		.section	.text.HAL_UART_RxCpltCallback,"ax",%progbits
  21              		.align	2
  22              		.global	HAL_UART_RxCpltCallback
  23              		.thumb
  24              		.thumb_func
  26              	HAL_UART_RxCpltCallback:
  27              	.LFB156:
  28              		.file 1 "C:/Users/geoma/Desktop/Scilab/scilab_test/USART_IT_F302R8_04/USART_IT_F302R8_04/Src/USART
   1:C:/Users/geoma/Desktop/Scilab/scilab_test/USART_IT_F302R8_04/USART_IT_F302R8_04/Src\USART_IT_F302R8_04_USART.c **** /*
   2:C:/Users/geoma/Desktop/Scilab/scilab_test/USART_IT_F302R8_04/USART_IT_F302R8_04/Src\USART_IT_F302R8_04_USART.c ****  * File: USART_IT_F302R8_04_USART.c
   3:C:/Users/geoma/Desktop/Scilab/scilab_test/USART_IT_F302R8_04/USART_IT_F302R8_04/Src\USART_IT_F302R8_04_USART.c ****  *
   4:C:/Users/geoma/Desktop/Scilab/scilab_test/USART_IT_F302R8_04/USART_IT_F302R8_04/Src\USART_IT_F302R8_04_USART.c ****  * Generated by USART Coder for Xcos with scilab-5.5.2
   5:C:/Users/geoma/Desktop/Scilab/scilab_test/USART_IT_F302R8_04/USART_IT_F302R8_04/Src\USART_IT_F302R8_04_USART.c ****  * C/C++ source code generated on  :08-Oct-2020
   6:C:/Users/geoma/Desktop/Scilab/scilab_test/USART_IT_F302R8_04/USART_IT_F302R8_04/Src\USART_IT_F302R8_04_USART.c ****  *
   7:C:/Users/geoma/Desktop/Scilab/scilab_test/USART_IT_F302R8_04/USART_IT_F302R8_04/Src\USART_IT_F302R8_04_USART.c ****  * Model version      :1.0
   8:C:/Users/geoma/Desktop/Scilab/scilab_test/USART_IT_F302R8_04/USART_IT_F302R8_04/Src\USART_IT_F302R8_04_USART.c ****  *
   9:C:/Users/geoma/Desktop/Scilab/scilab_test/USART_IT_F302R8_04/USART_IT_F302R8_04/Src\USART_IT_F302R8_04_USART.c ****  * ******************************************************************************
  10:C:/Users/geoma/Desktop/Scilab/scilab_test/USART_IT_F302R8_04/USART_IT_F302R8_04/Src\USART_IT_F302R8_04_USART.c ****  * * attention
  11:C:/Users/geoma/Desktop/Scilab/scilab_test/USART_IT_F302R8_04/USART_IT_F302R8_04/Src\USART_IT_F302R8_04_USART.c ****  * *
  12:C:/Users/geoma/Desktop/Scilab/scilab_test/USART_IT_F302R8_04/USART_IT_F302R8_04/Src\USART_IT_F302R8_04_USART.c ****  * * THE PRESENT FIRMWARE WHICH IS FOR GUIDANCE ONLY AIMS AT PROVIDING CUSTOMERS
  13:C:/Users/geoma/Desktop/Scilab/scilab_test/USART_IT_F302R8_04/USART_IT_F302R8_04/Src\USART_IT_F302R8_04_USART.c ****  * * WITH CODING INFORMATION REGARDING THEIR PRODUCTS IN ORDER FOR THEM TO SAVE
  14:C:/Users/geoma/Desktop/Scilab/scilab_test/USART_IT_F302R8_04/USART_IT_F302R8_04/Src\USART_IT_F302R8_04_USART.c ****  * * TIME. AS A RESULT, STMICROELECTRONICS SHALL NOT BE HELD LIABLE FOR ANY
  15:C:/Users/geoma/Desktop/Scilab/scilab_test/USART_IT_F302R8_04/USART_IT_F302R8_04/Src\USART_IT_F302R8_04_USART.c ****  * * DIRECT, INDIRECT OR CONSEQUENTIAL DAMAGES WITH RESPECT TO ANY CLAIMS ARISING
  16:C:/Users/geoma/Desktop/Scilab/scilab_test/USART_IT_F302R8_04/USART_IT_F302R8_04/Src\USART_IT_F302R8_04_USART.c ****  * * FROM THE CONTENT OF SUCH FIRMWARE AND/OR THE USE MADE BY CUSTOMERS OF THE
  17:C:/Users/geoma/Desktop/Scilab/scilab_test/USART_IT_F302R8_04/USART_IT_F302R8_04/Src\USART_IT_F302R8_04_USART.c ****  * * CODING INFORMATION CONTAINED HEREIN IN CONNECTION WITH THEIR PRODUCTS.
  18:C:/Users/geoma/Desktop/Scilab/scilab_test/USART_IT_F302R8_04/USART_IT_F302R8_04/Src\USART_IT_F302R8_04_USART.c ****  * *
  19:C:/Users/geoma/Desktop/Scilab/scilab_test/USART_IT_F302R8_04/USART_IT_F302R8_04/Src\USART_IT_F302R8_04_USART.c ****  * ******************************************************************************
  20:C:/Users/geoma/Desktop/Scilab/scilab_test/USART_IT_F302R8_04/USART_IT_F302R8_04/Src\USART_IT_F302R8_04_USART.c ****  */
  21:C:/Users/geoma/Desktop/Scilab/scilab_test/USART_IT_F302R8_04/USART_IT_F302R8_04/Src\USART_IT_F302R8_04_USART.c **** #include "USART_IT_F302R8_04.h"
  22:C:/Users/geoma/Desktop/Scilab/scilab_test/USART_IT_F302R8_04/USART_IT_F302R8_04/Src\USART_IT_F302R8_04_USART.c **** #include "USART_IT_F302R8_04_USART.h"
  23:C:/Users/geoma/Desktop/Scilab/scilab_test/USART_IT_F302R8_04/USART_IT_F302R8_04/Src\USART_IT_F302R8_04_USART.c **** extern void** USART_IT_F302R8_04_block_outtbptr; //External array definition of output pointers for
  24:C:/Users/geoma/Desktop/Scilab/scilab_test/USART_IT_F302R8_04/USART_IT_F302R8_04/Src\USART_IT_F302R8_04_USART.c **** 
  25:C:/Users/geoma/Desktop/Scilab/scilab_test/USART_IT_F302R8_04/USART_IT_F302R8_04/Src\USART_IT_F302R8_04_USART.c **** /*
  26:C:/Users/geoma/Desktop/Scilab/scilab_test/USART_IT_F302R8_04/USART_IT_F302R8_04/Src\USART_IT_F302R8_04_USART.c **** *******************************************************************************
  27:C:/Users/geoma/Desktop/Scilab/scilab_test/USART_IT_F302R8_04/USART_IT_F302R8_04/Src\USART_IT_F302R8_04_USART.c **** USART Receive variables definition
  28:C:/Users/geoma/Desktop/Scilab/scilab_test/USART_IT_F302R8_04/USART_IT_F302R8_04/Src\USART_IT_F302R8_04_USART.c **** *******************************************************************************
  29:C:/Users/geoma/Desktop/Scilab/scilab_test/USART_IT_F302R8_04/USART_IT_F302R8_04/Src\USART_IT_F302R8_04_USART.c **** */
  30:C:/Users/geoma/Desktop/Scilab/scilab_test/USART_IT_F302R8_04/USART_IT_F302R8_04/Src\USART_IT_F302R8_04_USART.c **** struct USART_RxDataLinkTypeDef* G_Usart_RxData;
ARM GAS  C:\Users\geoma\AppData\Local\Temp\ccx5B7eO.s 			page 2


  31:C:/Users/geoma/Desktop/Scilab/scilab_test/USART_IT_F302R8_04/USART_IT_F302R8_04/Src\USART_IT_F302R8_04_USART.c **** void*  G_Usart_RxHandler;
  32:C:/Users/geoma/Desktop/Scilab/scilab_test/USART_IT_F302R8_04/USART_IT_F302R8_04/Src\USART_IT_F302R8_04_USART.c **** struct USART_RxDataLinkTypeDef USART2_RxDataLink;
  33:C:/Users/geoma/Desktop/Scilab/scilab_test/USART_IT_F302R8_04/USART_IT_F302R8_04/Src\USART_IT_F302R8_04_USART.c **** uint8_t G_USART2_RxDataBuffer[USART2_RX_BUFF_SIZE];
  34:C:/Users/geoma/Desktop/Scilab/scilab_test/USART_IT_F302R8_04/USART_IT_F302R8_04/Src\USART_IT_F302R8_04_USART.c **** 
  35:C:/Users/geoma/Desktop/Scilab/scilab_test/USART_IT_F302R8_04/USART_IT_F302R8_04/Src\USART_IT_F302R8_04_USART.c **** /*
  36:C:/Users/geoma/Desktop/Scilab/scilab_test/USART_IT_F302R8_04/USART_IT_F302R8_04/Src\USART_IT_F302R8_04_USART.c **** *******************************************************************************
  37:C:/Users/geoma/Desktop/Scilab/scilab_test/USART_IT_F302R8_04/USART_IT_F302R8_04/Src\USART_IT_F302R8_04_USART.c **** Rx Transfer completed callbacks
  38:C:/Users/geoma/Desktop/Scilab/scilab_test/USART_IT_F302R8_04/USART_IT_F302R8_04/Src\USART_IT_F302R8_04_USART.c **** Input: UART handle
  39:C:/Users/geoma/Desktop/Scilab/scilab_test/USART_IT_F302R8_04/USART_IT_F302R8_04/Src\USART_IT_F302R8_04_USART.c **** *******************************************************************************
  40:C:/Users/geoma/Desktop/Scilab/scilab_test/USART_IT_F302R8_04/USART_IT_F302R8_04/Src\USART_IT_F302R8_04_USART.c **** */
  41:C:/Users/geoma/Desktop/Scilab/scilab_test/USART_IT_F302R8_04/USART_IT_F302R8_04/Src\USART_IT_F302R8_04_USART.c **** void HAL_UART_RxCpltCallback(UART_HandleTypeDef *huart)
  42:C:/Users/geoma/Desktop/Scilab/scilab_test/USART_IT_F302R8_04/USART_IT_F302R8_04/Src\USART_IT_F302R8_04_USART.c **** {
  29              		.loc 1 42 0
  30              		.cfi_startproc
  31              		@ args = 0, pretend = 0, frame = 0
  32              		@ frame_needed = 0, uses_anonymous_args = 0
  33              		@ link register save eliminated.
  34              	.LVL0:
  43:C:/Users/geoma/Desktop/Scilab/scilab_test/USART_IT_F302R8_04/USART_IT_F302R8_04/Src\USART_IT_F302R8_04_USART.c ****    struct USART_RxDataLinkTypeDef*   pL_UART_RxData = G_Usart_RxData;
  35              		.loc 1 43 0
  36 0000 044B     		ldr	r3, .L3
  37 0002 1A68     		ldr	r2, [r3]
  38              	.LVL1:
  44:C:/Users/geoma/Desktop/Scilab/scilab_test/USART_IT_F302R8_04/USART_IT_F302R8_04/Src\USART_IT_F302R8_04_USART.c ****    UART_HandleTypeDef*     pL_UART_Handler = (UART_HandleTypeDef*)G_Usart_RxHandler;
  39              		.loc 1 44 0
  40 0004 044B     		ldr	r3, .L3+4
  41 0006 1B68     		ldr	r3, [r3]
  42              	.LVL2:
  45:C:/Users/geoma/Desktop/Scilab/scilab_test/USART_IT_F302R8_04/USART_IT_F302R8_04/Src\USART_IT_F302R8_04_USART.c ****    if(pL_UART_Handler == huart)
  43              		.loc 1 45 0
  44 0008 8342     		cmp	r3, r0
  45 000a 01D1     		bne	.L1
  46:C:/Users/geoma/Desktop/Scilab/scilab_test/USART_IT_F302R8_04/USART_IT_F302R8_04/Src\USART_IT_F302R8_04_USART.c ****    {
  47:C:/Users/geoma/Desktop/Scilab/scilab_test/USART_IT_F302R8_04/USART_IT_F302R8_04/Src\USART_IT_F302R8_04_USART.c ****       pL_UART_RxData->rxStatus = USART_RX_OK;
  46              		.loc 1 47 0
  47 000c 0123     		movs	r3, #1
  48              	.LVL3:
  49 000e 9371     		strb	r3, [r2, #6]
  50              	.L1:
  51 0010 7047     		bx	lr
  52              	.L4:
  53 0012 00BF     		.align	2
  54              	.L3:
  55 0014 00000000 		.word	G_Usart_RxData
  56 0018 00000000 		.word	G_Usart_RxHandler
  57              		.cfi_endproc
  58              	.LFE156:
  60              		.section	.text.USART2_Rx_Initialization,"ax",%progbits
  61              		.align	2
  62              		.global	USART2_Rx_Initialization
  63              		.thumb
  64              		.thumb_func
  66              	USART2_Rx_Initialization:
  67              	.LFB157:
  48:C:/Users/geoma/Desktop/Scilab/scilab_test/USART_IT_F302R8_04/USART_IT_F302R8_04/Src\USART_IT_F302R8_04_USART.c ****    }
  49:C:/Users/geoma/Desktop/Scilab/scilab_test/USART_IT_F302R8_04/USART_IT_F302R8_04/Src\USART_IT_F302R8_04_USART.c **** }
  50:C:/Users/geoma/Desktop/Scilab/scilab_test/USART_IT_F302R8_04/USART_IT_F302R8_04/Src\USART_IT_F302R8_04_USART.c **** 
ARM GAS  C:\Users\geoma\AppData\Local\Temp\ccx5B7eO.s 			page 3


  51:C:/Users/geoma/Desktop/Scilab/scilab_test/USART_IT_F302R8_04/USART_IT_F302R8_04/Src\USART_IT_F302R8_04_USART.c **** /*
  52:C:/Users/geoma/Desktop/Scilab/scilab_test/USART_IT_F302R8_04/USART_IT_F302R8_04/Src\USART_IT_F302R8_04_USART.c **** *******************************************************************************
  53:C:/Users/geoma/Desktop/Scilab/scilab_test/USART_IT_F302R8_04/USART_IT_F302R8_04/Src\USART_IT_F302R8_04_USART.c **** Receive Initialization of USART2
  54:C:/Users/geoma/Desktop/Scilab/scilab_test/USART_IT_F302R8_04/USART_IT_F302R8_04/Src\USART_IT_F302R8_04_USART.c **** *******************************************************************************
  55:C:/Users/geoma/Desktop/Scilab/scilab_test/USART_IT_F302R8_04/USART_IT_F302R8_04/Src\USART_IT_F302R8_04_USART.c **** */
  56:C:/Users/geoma/Desktop/Scilab/scilab_test/USART_IT_F302R8_04/USART_IT_F302R8_04/Src\USART_IT_F302R8_04_USART.c **** void USART2_Rx_Initialization(void)
  57:C:/Users/geoma/Desktop/Scilab/scilab_test/USART_IT_F302R8_04/USART_IT_F302R8_04/Src\USART_IT_F302R8_04_USART.c **** {
  68              		.loc 1 57 0
  69              		.cfi_startproc
  70              		@ args = 0, pretend = 0, frame = 0
  71              		@ frame_needed = 0, uses_anonymous_args = 0
  72              		@ link register save eliminated.
  58:C:/Users/geoma/Desktop/Scilab/scilab_test/USART_IT_F302R8_04/USART_IT_F302R8_04/Src\USART_IT_F302R8_04_USART.c ****    G_Usart_RxData = &USART2_RxDataLink;
  73              		.loc 1 58 0
  74 0000 074B     		ldr	r3, .L6
  75 0002 084A     		ldr	r2, .L6+4
  76 0004 1360     		str	r3, [r2]
  59:C:/Users/geoma/Desktop/Scilab/scilab_test/USART_IT_F302R8_04/USART_IT_F302R8_04/Src\USART_IT_F302R8_04_USART.c ****    G_Usart_RxHandler = (void*)&huart2;
  77              		.loc 1 59 0
  78 0006 0849     		ldr	r1, .L6+8
  79 0008 084A     		ldr	r2, .L6+12
  80 000a 1160     		str	r1, [r2]
  60:C:/Users/geoma/Desktop/Scilab/scilab_test/USART_IT_F302R8_04/USART_IT_F302R8_04/Src\USART_IT_F302R8_04_USART.c ****    USART2_RxDataLink.ptRcv = G_USART2_RxDataBuffer;
  81              		.loc 1 60 0
  82 000c 084A     		ldr	r2, .L6+16
  83 000e 1A60     		str	r2, [r3]
  61:C:/Users/geoma/Desktop/Scilab/scilab_test/USART_IT_F302R8_04/USART_IT_F302R8_04/Src\USART_IT_F302R8_04_USART.c ****    USART2_RxDataLink.rxStatus = USART_RX_OFF;
  84              		.loc 1 61 0
  85 0010 0222     		movs	r2, #2
  86 0012 9A71     		strb	r2, [r3, #6]
  62:C:/Users/geoma/Desktop/Scilab/scilab_test/USART_IT_F302R8_04/USART_IT_F302R8_04/Src\USART_IT_F302R8_04_USART.c ****    /* Enable Software Interrupt request*/
  63:C:/Users/geoma/Desktop/Scilab/scilab_test/USART_IT_F302R8_04/USART_IT_F302R8_04/Src\USART_IT_F302R8_04_USART.c ****    EXTI->IMR |= 1 << 13;
  87              		.loc 1 63 0
  88 0014 074A     		ldr	r2, .L6+20
  89 0016 1368     		ldr	r3, [r2]
  90 0018 43F40053 		orr	r3, r3, #8192
  91 001c 1360     		str	r3, [r2]
  92 001e 7047     		bx	lr
  93              	.L7:
  94              		.align	2
  95              	.L6:
  96 0020 00000000 		.word	USART2_RxDataLink
  97 0024 00000000 		.word	G_Usart_RxData
  98 0028 00000000 		.word	huart2
  99 002c 00000000 		.word	G_Usart_RxHandler
 100 0030 00000000 		.word	G_USART2_RxDataBuffer
 101 0034 00040140 		.word	1073808384
 102              		.cfi_endproc
 103              	.LFE157:
 105              		.section	.text.USART_Initialize,"ax",%progbits
 106              		.align	2
 107              		.global	USART_Initialize
 108              		.thumb
 109              		.thumb_func
 111              	USART_Initialize:
 112              	.LFB158:
  64:C:/Users/geoma/Desktop/Scilab/scilab_test/USART_IT_F302R8_04/USART_IT_F302R8_04/Src\USART_IT_F302R8_04_USART.c **** }
ARM GAS  C:\Users\geoma\AppData\Local\Temp\ccx5B7eO.s 			page 4


  65:C:/Users/geoma/Desktop/Scilab/scilab_test/USART_IT_F302R8_04/USART_IT_F302R8_04/Src\USART_IT_F302R8_04_USART.c **** 
  66:C:/Users/geoma/Desktop/Scilab/scilab_test/USART_IT_F302R8_04/USART_IT_F302R8_04/Src\USART_IT_F302R8_04_USART.c **** 
  67:C:/Users/geoma/Desktop/Scilab/scilab_test/USART_IT_F302R8_04/USART_IT_F302R8_04/Src\USART_IT_F302R8_04_USART.c **** void USART_Initialize(void){
 113              		.loc 1 67 0
 114              		.cfi_startproc
 115              		@ args = 0, pretend = 0, frame = 0
 116              		@ frame_needed = 0, uses_anonymous_args = 0
 117 0000 08B5     		push	{r3, lr}
 118              	.LCFI0:
 119              		.cfi_def_cfa_offset 8
 120              		.cfi_offset 3, -8
 121              		.cfi_offset 14, -4
  68:C:/Users/geoma/Desktop/Scilab/scilab_test/USART_IT_F302R8_04/USART_IT_F302R8_04/Src\USART_IT_F302R8_04_USART.c ****    USART_IT_F302R8_04_block_outtbptr[2] = (uint16_t*)&USART2_RxDataLink.nbRcv; //Set first output b
 122              		.loc 1 68 0
 123 0002 044B     		ldr	r3, .L10
 124 0004 1A68     		ldr	r2, [r3]
 125 0006 044B     		ldr	r3, .L10+4
 126 0008 9360     		str	r3, [r2, #8]
  69:C:/Users/geoma/Desktop/Scilab/scilab_test/USART_IT_F302R8_04/USART_IT_F302R8_04/Src\USART_IT_F302R8_04_USART.c ****    USART_IT_F302R8_04_block_outtbptr[3] = (uint8_t*)&USART2_RxDataLink.ptRcv; //Set second output b
 127              		.loc 1 69 0
 128 000a 043B     		subs	r3, r3, #4
 129 000c D360     		str	r3, [r2, #12]
  70:C:/Users/geoma/Desktop/Scilab/scilab_test/USART_IT_F302R8_04/USART_IT_F302R8_04/Src\USART_IT_F302R8_04_USART.c ****    USART2_Rx_Initialization(); //Initialize USART2 to receive
 130              		.loc 1 70 0
 131 000e FFF7FEFF 		bl	USART2_Rx_Initialization
 132              	.LVL4:
 133 0012 08BD     		pop	{r3, pc}
 134              	.L11:
 135              		.align	2
 136              	.L10:
 137 0014 00000000 		.word	USART_IT_F302R8_04_block_outtbptr
 138 0018 04000000 		.word	USART2_RxDataLink+4
 139              		.cfi_endproc
 140              	.LFE158:
 142              		.comm	G_USART2_RxDataBuffer,32,4
 143              		.comm	USART2_RxDataLink,8,4
 144              		.comm	G_Usart_RxHandler,4,4
 145              		.comm	G_Usart_RxData,4,4
 146              		.text
 147              	.Letext0:
 148              		.file 2 "c:\\program files (x86)\\gnu tools arm embedded\\4.9 2015q2\\arm-none-eabi\\include\\mach
 149              		.file 3 "c:\\program files (x86)\\gnu tools arm embedded\\4.9 2015q2\\arm-none-eabi\\include\\sys\
 150              		.file 4 "Drivers/CMSIS/Device/ST/STM32F3xx/Include/stm32f302x8.h"
 151              		.file 5 "Drivers/STM32F3xx_HAL_Driver/Inc/stm32f3xx_hal_def.h"
 152              		.file 6 "Drivers/STM32F3xx_HAL_Driver/Inc/stm32f3xx_hal_dma.h"
 153              		.file 7 "Drivers/STM32F3xx_HAL_Driver/Inc/stm32f3xx_hal_uart.h"
 154              		.file 8 "USART_IT_F302R8_04/Inc/USART_IT_F302R8_04_USART.h"
 155              		.file 9 "Drivers/CMSIS/Include/core_cm4.h"
ARM GAS  C:\Users\geoma\AppData\Local\Temp\ccx5B7eO.s 			page 5


DEFINED SYMBOLS
                            *ABS*:00000000 USART_IT_F302R8_04_USART.c
C:\Users\geoma\AppData\Local\Temp\ccx5B7eO.s:21     .text.HAL_UART_RxCpltCallback:00000000 $t
C:\Users\geoma\AppData\Local\Temp\ccx5B7eO.s:26     .text.HAL_UART_RxCpltCallback:00000000 HAL_UART_RxCpltCallback
C:\Users\geoma\AppData\Local\Temp\ccx5B7eO.s:55     .text.HAL_UART_RxCpltCallback:00000014 $d
                            *COM*:00000004 G_Usart_RxData
                            *COM*:00000004 G_Usart_RxHandler
C:\Users\geoma\AppData\Local\Temp\ccx5B7eO.s:61     .text.USART2_Rx_Initialization:00000000 $t
C:\Users\geoma\AppData\Local\Temp\ccx5B7eO.s:66     .text.USART2_Rx_Initialization:00000000 USART2_Rx_Initialization
C:\Users\geoma\AppData\Local\Temp\ccx5B7eO.s:96     .text.USART2_Rx_Initialization:00000020 $d
                            *COM*:00000008 USART2_RxDataLink
                            *COM*:00000020 G_USART2_RxDataBuffer
C:\Users\geoma\AppData\Local\Temp\ccx5B7eO.s:106    .text.USART_Initialize:00000000 $t
C:\Users\geoma\AppData\Local\Temp\ccx5B7eO.s:111    .text.USART_Initialize:00000000 USART_Initialize
C:\Users\geoma\AppData\Local\Temp\ccx5B7eO.s:137    .text.USART_Initialize:00000014 $d
                     .debug_frame:00000010 $d

UNDEFINED SYMBOLS
huart2
USART_IT_F302R8_04_block_outtbptr
