ARM GAS  C:\Users\geoma\AppData\Local\Temp\ccO54zMc.s 			page 1


   1              		.syntax unified
   2              		.cpu cortex-m4
   3              		.eabi_attribute 27, 1
   4              		.eabi_attribute 28, 1
   5              		.fpu fpv4-sp-d16
   6              		.eabi_attribute 20, 1
   7              		.eabi_attribute 21, 1
   8              		.eabi_attribute 23, 3
   9              		.eabi_attribute 24, 1
  10              		.eabi_attribute 25, 1
  11              		.eabi_attribute 26, 1
  12              		.eabi_attribute 30, 1
  13              		.eabi_attribute 34, 1
  14              		.eabi_attribute 18, 4
  15              		.thumb
  16              		.file	"stm32f3xx_hal_msp.c"
  17              		.text
  18              	.Ltext0:
  19              		.cfi_sections	.debug_frame
  20              		.section	.text.HAL_MspInit,"ax",%progbits
  21              		.align	2
  22              		.global	HAL_MspInit
  23              		.thumb
  24              		.thumb_func
  26              	HAL_MspInit:
  27              	.LFB123:
  28              		.file 1 "Src/stm32f3xx_hal_msp.c"
   1:Src/stm32f3xx_hal_msp.c **** /**
   2:Src/stm32f3xx_hal_msp.c ****   ******************************************************************************
   3:Src/stm32f3xx_hal_msp.c ****   * File Name          : stm32f3xx_hal_msp.c
   4:Src/stm32f3xx_hal_msp.c ****   * Description        : This file provides code for the MSP Initialization
   5:Src/stm32f3xx_hal_msp.c ****   *                      and de-Initialization codes.
   6:Src/stm32f3xx_hal_msp.c ****   ******************************************************************************
   7:Src/stm32f3xx_hal_msp.c ****   ** This notice applies to any and all portions of this file
   8:Src/stm32f3xx_hal_msp.c ****   * that are not between comment pairs USER CODE BEGIN and
   9:Src/stm32f3xx_hal_msp.c ****   * USER CODE END. Other portions of this file, whether
  10:Src/stm32f3xx_hal_msp.c ****   * inserted by the user or by software development tools
  11:Src/stm32f3xx_hal_msp.c ****   * are owned by their respective copyright owners.
  12:Src/stm32f3xx_hal_msp.c ****   *
  13:Src/stm32f3xx_hal_msp.c ****   * COPYRIGHT(c) 2020 STMicroelectronics
  14:Src/stm32f3xx_hal_msp.c ****   *
  15:Src/stm32f3xx_hal_msp.c ****   * Redistribution and use in source and binary forms, with or without modification,
  16:Src/stm32f3xx_hal_msp.c ****   * are permitted provided that the following conditions are met:
  17:Src/stm32f3xx_hal_msp.c ****   *   1. Redistributions of source code must retain the above copyright notice,
  18:Src/stm32f3xx_hal_msp.c ****   *      this list of conditions and the following disclaimer.
  19:Src/stm32f3xx_hal_msp.c ****   *   2. Redistributions in binary form must reproduce the above copyright notice,
  20:Src/stm32f3xx_hal_msp.c ****   *      this list of conditions and the following disclaimer in the documentation
  21:Src/stm32f3xx_hal_msp.c ****   *      and/or other materials provided with the distribution.
  22:Src/stm32f3xx_hal_msp.c ****   *   3. Neither the name of STMicroelectronics nor the names of its contributors
  23:Src/stm32f3xx_hal_msp.c ****   *      may be used to endorse or promote products derived from this software
  24:Src/stm32f3xx_hal_msp.c ****   *      without specific prior written permission.
  25:Src/stm32f3xx_hal_msp.c ****   *
  26:Src/stm32f3xx_hal_msp.c ****   * THIS SOFTWARE IS PROVIDED BY THE COPYRIGHT HOLDERS AND CONTRIBUTORS "AS IS"
  27:Src/stm32f3xx_hal_msp.c ****   * AND ANY EXPRESS OR IMPLIED WARRANTIES, INCLUDING, BUT NOT LIMITED TO, THE
  28:Src/stm32f3xx_hal_msp.c ****   * IMPLIED WARRANTIES OF MERCHANTABILITY AND FITNESS FOR A PARTICULAR PURPOSE ARE
  29:Src/stm32f3xx_hal_msp.c ****   * DISCLAIMED. IN NO EVENT SHALL THE COPYRIGHT HOLDER OR CONTRIBUTORS BE LIABLE
  30:Src/stm32f3xx_hal_msp.c ****   * FOR ANY DIRECT, INDIRECT, INCIDENTAL, SPECIAL, EXEMPLARY, OR CONSEQUENTIAL
ARM GAS  C:\Users\geoma\AppData\Local\Temp\ccO54zMc.s 			page 2


  31:Src/stm32f3xx_hal_msp.c ****   * DAMAGES (INCLUDING, BUT NOT LIMITED TO, PROCUREMENT OF SUBSTITUTE GOODS OR
  32:Src/stm32f3xx_hal_msp.c ****   * SERVICES; LOSS OF USE, DATA, OR PROFITS; OR BUSINESS INTERRUPTION) HOWEVER
  33:Src/stm32f3xx_hal_msp.c ****   * CAUSED AND ON ANY THEORY OF LIABILITY, WHETHER IN CONTRACT, STRICT LIABILITY,
  34:Src/stm32f3xx_hal_msp.c ****   * OR TORT (INCLUDING NEGLIGENCE OR OTHERWISE) ARISING IN ANY WAY OUT OF THE USE
  35:Src/stm32f3xx_hal_msp.c ****   * OF THIS SOFTWARE, EVEN IF ADVISED OF THE POSSIBILITY OF SUCH DAMAGE.
  36:Src/stm32f3xx_hal_msp.c ****   *
  37:Src/stm32f3xx_hal_msp.c ****   ******************************************************************************
  38:Src/stm32f3xx_hal_msp.c ****   */
  39:Src/stm32f3xx_hal_msp.c **** /* Includes ------------------------------------------------------------------*/
  40:Src/stm32f3xx_hal_msp.c **** #include "stm32f3xx_hal.h"
  41:Src/stm32f3xx_hal_msp.c **** 
  42:Src/stm32f3xx_hal_msp.c **** extern DMA_HandleTypeDef hdma_usart2_rx;
  43:Src/stm32f3xx_hal_msp.c **** 
  44:Src/stm32f3xx_hal_msp.c **** extern DMA_HandleTypeDef hdma_usart2_tx;
  45:Src/stm32f3xx_hal_msp.c **** 
  46:Src/stm32f3xx_hal_msp.c **** extern void _Error_Handler(char *, int);
  47:Src/stm32f3xx_hal_msp.c **** /* USER CODE BEGIN 0 */
  48:Src/stm32f3xx_hal_msp.c **** 
  49:Src/stm32f3xx_hal_msp.c **** /* USER CODE END 0 */
  50:Src/stm32f3xx_hal_msp.c **** /**
  51:Src/stm32f3xx_hal_msp.c ****   * Initializes the Global MSP.
  52:Src/stm32f3xx_hal_msp.c ****   */
  53:Src/stm32f3xx_hal_msp.c **** void HAL_MspInit(void)
  54:Src/stm32f3xx_hal_msp.c **** {
  29              		.loc 1 54 0
  30              		.cfi_startproc
  31              		@ args = 0, pretend = 0, frame = 8
  32              		@ frame_needed = 0, uses_anonymous_args = 0
  33 0000 00B5     		push	{lr}
  34              	.LCFI0:
  35              		.cfi_def_cfa_offset 4
  36              		.cfi_offset 14, -4
  37 0002 83B0     		sub	sp, sp, #12
  38              	.LCFI1:
  39              		.cfi_def_cfa_offset 16
  40              	.LBB2:
  55:Src/stm32f3xx_hal_msp.c ****   /* USER CODE BEGIN MspInit 0 */
  56:Src/stm32f3xx_hal_msp.c **** 
  57:Src/stm32f3xx_hal_msp.c ****   /* USER CODE END MspInit 0 */
  58:Src/stm32f3xx_hal_msp.c **** 
  59:Src/stm32f3xx_hal_msp.c ****   __HAL_RCC_SYSCFG_CLK_ENABLE();
  41              		.loc 1 59 0
  42 0004 1C4B     		ldr	r3, .L3
  43 0006 9A69     		ldr	r2, [r3, #24]
  44 0008 42F00102 		orr	r2, r2, #1
  45 000c 9A61     		str	r2, [r3, #24]
  46 000e 9B69     		ldr	r3, [r3, #24]
  47 0010 03F00103 		and	r3, r3, #1
  48 0014 0193     		str	r3, [sp, #4]
  49 0016 019B     		ldr	r3, [sp, #4]
  50              	.LBE2:
  60:Src/stm32f3xx_hal_msp.c **** 
  61:Src/stm32f3xx_hal_msp.c ****   HAL_NVIC_SetPriorityGrouping(NVIC_PRIORITYGROUP_0);
  51              		.loc 1 61 0
  52 0018 0720     		movs	r0, #7
  53 001a FFF7FEFF 		bl	HAL_NVIC_SetPriorityGrouping
  54              	.LVL0:
ARM GAS  C:\Users\geoma\AppData\Local\Temp\ccO54zMc.s 			page 3


  62:Src/stm32f3xx_hal_msp.c **** 
  63:Src/stm32f3xx_hal_msp.c ****   /* System interrupt init*/
  64:Src/stm32f3xx_hal_msp.c ****   /* MemoryManagement_IRQn interrupt configuration */
  65:Src/stm32f3xx_hal_msp.c ****   HAL_NVIC_SetPriority(MemoryManagement_IRQn, 0, 0);
  55              		.loc 1 65 0
  56 001e 6FF00B00 		mvn	r0, #11
  57 0022 0021     		movs	r1, #0
  58 0024 0A46     		mov	r2, r1
  59 0026 FFF7FEFF 		bl	HAL_NVIC_SetPriority
  60              	.LVL1:
  66:Src/stm32f3xx_hal_msp.c ****   /* BusFault_IRQn interrupt configuration */
  67:Src/stm32f3xx_hal_msp.c ****   HAL_NVIC_SetPriority(BusFault_IRQn, 0, 0);
  61              		.loc 1 67 0
  62 002a 6FF00A00 		mvn	r0, #10
  63 002e 0021     		movs	r1, #0
  64 0030 0A46     		mov	r2, r1
  65 0032 FFF7FEFF 		bl	HAL_NVIC_SetPriority
  66              	.LVL2:
  68:Src/stm32f3xx_hal_msp.c ****   /* UsageFault_IRQn interrupt configuration */
  69:Src/stm32f3xx_hal_msp.c ****   HAL_NVIC_SetPriority(UsageFault_IRQn, 0, 0);
  67              		.loc 1 69 0
  68 0036 6FF00900 		mvn	r0, #9
  69 003a 0021     		movs	r1, #0
  70 003c 0A46     		mov	r2, r1
  71 003e FFF7FEFF 		bl	HAL_NVIC_SetPriority
  72              	.LVL3:
  70:Src/stm32f3xx_hal_msp.c ****   /* SVCall_IRQn interrupt configuration */
  71:Src/stm32f3xx_hal_msp.c ****   HAL_NVIC_SetPriority(SVCall_IRQn, 0, 0);
  73              		.loc 1 71 0
  74 0042 6FF00400 		mvn	r0, #4
  75 0046 0021     		movs	r1, #0
  76 0048 0A46     		mov	r2, r1
  77 004a FFF7FEFF 		bl	HAL_NVIC_SetPriority
  78              	.LVL4:
  72:Src/stm32f3xx_hal_msp.c ****   /* DebugMonitor_IRQn interrupt configuration */
  73:Src/stm32f3xx_hal_msp.c ****   HAL_NVIC_SetPriority(DebugMonitor_IRQn, 0, 0);
  79              		.loc 1 73 0
  80 004e 6FF00300 		mvn	r0, #3
  81 0052 0021     		movs	r1, #0
  82 0054 0A46     		mov	r2, r1
  83 0056 FFF7FEFF 		bl	HAL_NVIC_SetPriority
  84              	.LVL5:
  74:Src/stm32f3xx_hal_msp.c ****   /* PendSV_IRQn interrupt configuration */
  75:Src/stm32f3xx_hal_msp.c ****   HAL_NVIC_SetPriority(PendSV_IRQn, 0, 0);
  85              		.loc 1 75 0
  86 005a 6FF00100 		mvn	r0, #1
  87 005e 0021     		movs	r1, #0
  88 0060 0A46     		mov	r2, r1
  89 0062 FFF7FEFF 		bl	HAL_NVIC_SetPriority
  90              	.LVL6:
  76:Src/stm32f3xx_hal_msp.c ****   /* SysTick_IRQn interrupt configuration */
  77:Src/stm32f3xx_hal_msp.c ****   HAL_NVIC_SetPriority(SysTick_IRQn, 0, 0);
  91              		.loc 1 77 0
  92 0066 4FF0FF30 		mov	r0, #-1
  93 006a 0021     		movs	r1, #0
  94 006c 0A46     		mov	r2, r1
  95 006e FFF7FEFF 		bl	HAL_NVIC_SetPriority
ARM GAS  C:\Users\geoma\AppData\Local\Temp\ccO54zMc.s 			page 4


  96              	.LVL7:
  78:Src/stm32f3xx_hal_msp.c **** 
  79:Src/stm32f3xx_hal_msp.c ****   /* USER CODE BEGIN MspInit 1 */
  80:Src/stm32f3xx_hal_msp.c **** 
  81:Src/stm32f3xx_hal_msp.c ****   /* USER CODE END MspInit 1 */
  82:Src/stm32f3xx_hal_msp.c **** }
  97              		.loc 1 82 0
  98 0072 03B0     		add	sp, sp, #12
  99              	.LCFI2:
 100              		.cfi_def_cfa_offset 4
 101              		@ sp needed
 102 0074 5DF804FB 		ldr	pc, [sp], #4
 103              	.L4:
 104              		.align	2
 105              	.L3:
 106 0078 00100240 		.word	1073876992
 107              		.cfi_endproc
 108              	.LFE123:
 110              		.section	.text.HAL_UART_MspInit,"ax",%progbits
 111              		.align	2
 112              		.global	HAL_UART_MspInit
 113              		.thumb
 114              		.thumb_func
 116              	HAL_UART_MspInit:
 117              	.LFB124:
  83:Src/stm32f3xx_hal_msp.c **** 
  84:Src/stm32f3xx_hal_msp.c **** void HAL_UART_MspInit(UART_HandleTypeDef* huart)
  85:Src/stm32f3xx_hal_msp.c **** {
 118              		.loc 1 85 0
 119              		.cfi_startproc
 120              		@ args = 0, pretend = 0, frame = 24
 121              		@ frame_needed = 0, uses_anonymous_args = 0
 122              	.LVL8:
  86:Src/stm32f3xx_hal_msp.c **** 
  87:Src/stm32f3xx_hal_msp.c ****   GPIO_InitTypeDef GPIO_InitStruct;
  88:Src/stm32f3xx_hal_msp.c ****   if(huart->Instance==USART2)
 123              		.loc 1 88 0
 124 0000 0268     		ldr	r2, [r0]
 125 0002 274B     		ldr	r3, .L11
 126 0004 9A42     		cmp	r2, r3
 127 0006 49D1     		bne	.L10
  85:Src/stm32f3xx_hal_msp.c **** 
 128              		.loc 1 85 0
 129 0008 30B5     		push	{r4, r5, lr}
 130              	.LCFI3:
 131              		.cfi_def_cfa_offset 12
 132              		.cfi_offset 4, -12
 133              		.cfi_offset 5, -8
 134              		.cfi_offset 14, -4
 135 000a 87B0     		sub	sp, sp, #28
 136              	.LCFI4:
 137              		.cfi_def_cfa_offset 40
 138 000c 0446     		mov	r4, r0
 139              	.LBB3:
  89:Src/stm32f3xx_hal_msp.c ****   {
  90:Src/stm32f3xx_hal_msp.c ****   /* USER CODE BEGIN USART2_MspInit 0 */
  91:Src/stm32f3xx_hal_msp.c **** 
ARM GAS  C:\Users\geoma\AppData\Local\Temp\ccO54zMc.s 			page 5


  92:Src/stm32f3xx_hal_msp.c ****   /* USER CODE END USART2_MspInit 0 */
  93:Src/stm32f3xx_hal_msp.c ****     /* Peripheral clock enable */
  94:Src/stm32f3xx_hal_msp.c ****     __HAL_RCC_USART2_CLK_ENABLE();
 140              		.loc 1 94 0
 141 000e 03F5E633 		add	r3, r3, #117760
 142 0012 DA69     		ldr	r2, [r3, #28]
 143 0014 42F40032 		orr	r2, r2, #131072
 144 0018 DA61     		str	r2, [r3, #28]
 145 001a DB69     		ldr	r3, [r3, #28]
 146 001c 03F40033 		and	r3, r3, #131072
 147 0020 0093     		str	r3, [sp]
 148 0022 009B     		ldr	r3, [sp]
 149              	.LBE3:
  95:Src/stm32f3xx_hal_msp.c **** 
  96:Src/stm32f3xx_hal_msp.c ****     /**USART2 GPIO Configuration
  97:Src/stm32f3xx_hal_msp.c ****     PA2     ------> USART2_TX
  98:Src/stm32f3xx_hal_msp.c ****     PA3     ------> USART2_RX
  99:Src/stm32f3xx_hal_msp.c ****     */
 100:Src/stm32f3xx_hal_msp.c ****     GPIO_InitStruct.Pin = USART_TX_Pin|USART_RX_Pin;
 150              		.loc 1 100 0
 151 0024 0C23     		movs	r3, #12
 152 0026 0193     		str	r3, [sp, #4]
 101:Src/stm32f3xx_hal_msp.c ****     GPIO_InitStruct.Mode = GPIO_MODE_AF_PP;
 153              		.loc 1 101 0
 154 0028 0223     		movs	r3, #2
 155 002a 0293     		str	r3, [sp, #8]
 102:Src/stm32f3xx_hal_msp.c ****     GPIO_InitStruct.Pull = GPIO_NOPULL;
 156              		.loc 1 102 0
 157 002c 0025     		movs	r5, #0
 158 002e 0395     		str	r5, [sp, #12]
 103:Src/stm32f3xx_hal_msp.c ****     GPIO_InitStruct.Speed = GPIO_SPEED_FREQ_LOW;
 159              		.loc 1 103 0
 160 0030 0495     		str	r5, [sp, #16]
 104:Src/stm32f3xx_hal_msp.c ****     GPIO_InitStruct.Alternate = GPIO_AF7_USART2;
 161              		.loc 1 104 0
 162 0032 0723     		movs	r3, #7
 163 0034 0593     		str	r3, [sp, #20]
 105:Src/stm32f3xx_hal_msp.c ****     HAL_GPIO_Init(GPIOA, &GPIO_InitStruct);
 164              		.loc 1 105 0
 165 0036 4FF09040 		mov	r0, #1207959552
 166              	.LVL9:
 167 003a 01A9     		add	r1, sp, #4
 168 003c FFF7FEFF 		bl	HAL_GPIO_Init
 169              	.LVL10:
 106:Src/stm32f3xx_hal_msp.c **** 
 107:Src/stm32f3xx_hal_msp.c ****     /* USART2 DMA Init */
 108:Src/stm32f3xx_hal_msp.c ****     /* USART2_RX Init */
 109:Src/stm32f3xx_hal_msp.c ****     hdma_usart2_rx.Instance = DMA1_Channel6;
 170              		.loc 1 109 0
 171 0040 1848     		ldr	r0, .L11+4
 172 0042 194B     		ldr	r3, .L11+8
 173 0044 0360     		str	r3, [r0]
 110:Src/stm32f3xx_hal_msp.c ****     hdma_usart2_rx.Init.Direction = DMA_PERIPH_TO_MEMORY;
 174              		.loc 1 110 0
 175 0046 4560     		str	r5, [r0, #4]
 111:Src/stm32f3xx_hal_msp.c ****     hdma_usart2_rx.Init.PeriphInc = DMA_PINC_DISABLE;
 176              		.loc 1 111 0
ARM GAS  C:\Users\geoma\AppData\Local\Temp\ccO54zMc.s 			page 6


 177 0048 8560     		str	r5, [r0, #8]
 112:Src/stm32f3xx_hal_msp.c ****     hdma_usart2_rx.Init.MemInc = DMA_MINC_ENABLE;
 178              		.loc 1 112 0
 179 004a 8023     		movs	r3, #128
 180 004c C360     		str	r3, [r0, #12]
 113:Src/stm32f3xx_hal_msp.c ****     hdma_usart2_rx.Init.PeriphDataAlignment = DMA_PDATAALIGN_BYTE;
 181              		.loc 1 113 0
 182 004e 0561     		str	r5, [r0, #16]
 114:Src/stm32f3xx_hal_msp.c ****     hdma_usart2_rx.Init.MemDataAlignment = DMA_MDATAALIGN_BYTE;
 183              		.loc 1 114 0
 184 0050 4561     		str	r5, [r0, #20]
 115:Src/stm32f3xx_hal_msp.c ****     hdma_usart2_rx.Init.Mode = DMA_NORMAL;
 185              		.loc 1 115 0
 186 0052 8561     		str	r5, [r0, #24]
 116:Src/stm32f3xx_hal_msp.c ****     hdma_usart2_rx.Init.Priority = DMA_PRIORITY_LOW;
 187              		.loc 1 116 0
 188 0054 C561     		str	r5, [r0, #28]
 117:Src/stm32f3xx_hal_msp.c ****     if (HAL_DMA_Init(&hdma_usart2_rx) != HAL_OK)
 189              		.loc 1 117 0
 190 0056 FFF7FEFF 		bl	HAL_DMA_Init
 191              	.LVL11:
 192 005a 18B1     		cbz	r0, .L7
 118:Src/stm32f3xx_hal_msp.c ****     {
 119:Src/stm32f3xx_hal_msp.c ****       _Error_Handler(__FILE__, __LINE__);
 193              		.loc 1 119 0
 194 005c 1348     		ldr	r0, .L11+12
 195 005e 7721     		movs	r1, #119
 196 0060 FFF7FEFF 		bl	_Error_Handler
 197              	.LVL12:
 198              	.L7:
 120:Src/stm32f3xx_hal_msp.c ****     }
 121:Src/stm32f3xx_hal_msp.c **** 
 122:Src/stm32f3xx_hal_msp.c ****     __HAL_LINKDMA(huart,hdmarx,hdma_usart2_rx);
 199              		.loc 1 122 0
 200 0064 0F4B     		ldr	r3, .L11+4
 201 0066 6366     		str	r3, [r4, #100]
 202 0068 5C62     		str	r4, [r3, #36]
 123:Src/stm32f3xx_hal_msp.c **** 
 124:Src/stm32f3xx_hal_msp.c ****     /* USART2_TX Init */
 125:Src/stm32f3xx_hal_msp.c ****     hdma_usart2_tx.Instance = DMA1_Channel7;
 203              		.loc 1 125 0
 204 006a 1148     		ldr	r0, .L11+16
 205 006c 114B     		ldr	r3, .L11+20
 206 006e 0360     		str	r3, [r0]
 126:Src/stm32f3xx_hal_msp.c ****     hdma_usart2_tx.Init.Direction = DMA_MEMORY_TO_PERIPH;
 207              		.loc 1 126 0
 208 0070 1023     		movs	r3, #16
 209 0072 4360     		str	r3, [r0, #4]
 127:Src/stm32f3xx_hal_msp.c ****     hdma_usart2_tx.Init.PeriphInc = DMA_PINC_DISABLE;
 210              		.loc 1 127 0
 211 0074 0023     		movs	r3, #0
 212 0076 8360     		str	r3, [r0, #8]
 128:Src/stm32f3xx_hal_msp.c ****     hdma_usart2_tx.Init.MemInc = DMA_MINC_ENABLE;
 213              		.loc 1 128 0
 214 0078 8022     		movs	r2, #128
 215 007a C260     		str	r2, [r0, #12]
 129:Src/stm32f3xx_hal_msp.c ****     hdma_usart2_tx.Init.PeriphDataAlignment = DMA_PDATAALIGN_BYTE;
ARM GAS  C:\Users\geoma\AppData\Local\Temp\ccO54zMc.s 			page 7


 216              		.loc 1 129 0
 217 007c 0361     		str	r3, [r0, #16]
 130:Src/stm32f3xx_hal_msp.c ****     hdma_usart2_tx.Init.MemDataAlignment = DMA_MDATAALIGN_BYTE;
 218              		.loc 1 130 0
 219 007e 4361     		str	r3, [r0, #20]
 131:Src/stm32f3xx_hal_msp.c ****     hdma_usart2_tx.Init.Mode = DMA_NORMAL;
 220              		.loc 1 131 0
 221 0080 8361     		str	r3, [r0, #24]
 132:Src/stm32f3xx_hal_msp.c ****     hdma_usart2_tx.Init.Priority = DMA_PRIORITY_LOW;
 222              		.loc 1 132 0
 223 0082 C361     		str	r3, [r0, #28]
 133:Src/stm32f3xx_hal_msp.c ****     if (HAL_DMA_Init(&hdma_usart2_tx) != HAL_OK)
 224              		.loc 1 133 0
 225 0084 FFF7FEFF 		bl	HAL_DMA_Init
 226              	.LVL13:
 227 0088 18B1     		cbz	r0, .L8
 134:Src/stm32f3xx_hal_msp.c ****     {
 135:Src/stm32f3xx_hal_msp.c ****       _Error_Handler(__FILE__, __LINE__);
 228              		.loc 1 135 0
 229 008a 0848     		ldr	r0, .L11+12
 230 008c 8721     		movs	r1, #135
 231 008e FFF7FEFF 		bl	_Error_Handler
 232              	.LVL14:
 233              	.L8:
 136:Src/stm32f3xx_hal_msp.c ****     }
 137:Src/stm32f3xx_hal_msp.c **** 
 138:Src/stm32f3xx_hal_msp.c ****     __HAL_LINKDMA(huart,hdmatx,hdma_usart2_tx);
 234              		.loc 1 138 0
 235 0092 074B     		ldr	r3, .L11+16
 236 0094 2366     		str	r3, [r4, #96]
 237 0096 5C62     		str	r4, [r3, #36]
 139:Src/stm32f3xx_hal_msp.c **** 
 140:Src/stm32f3xx_hal_msp.c ****   /* USER CODE BEGIN USART2_MspInit 1 */
 141:Src/stm32f3xx_hal_msp.c **** 
 142:Src/stm32f3xx_hal_msp.c ****   /* USER CODE END USART2_MspInit 1 */
 143:Src/stm32f3xx_hal_msp.c ****   }
 144:Src/stm32f3xx_hal_msp.c **** 
 145:Src/stm32f3xx_hal_msp.c **** }
 238              		.loc 1 145 0
 239 0098 07B0     		add	sp, sp, #28
 240              	.LCFI5:
 241              		.cfi_def_cfa_offset 12
 242              		@ sp needed
 243 009a 30BD     		pop	{r4, r5, pc}
 244              	.LVL15:
 245              	.L10:
 246              	.LCFI6:
 247              		.cfi_def_cfa_offset 0
 248              		.cfi_restore 4
 249              		.cfi_restore 5
 250              		.cfi_restore 14
 251 009c 7047     		bx	lr
 252              	.L12:
 253 009e 00BF     		.align	2
 254              	.L11:
 255 00a0 00440040 		.word	1073759232
 256 00a4 00000000 		.word	hdma_usart2_rx
ARM GAS  C:\Users\geoma\AppData\Local\Temp\ccO54zMc.s 			page 8


 257 00a8 6C000240 		.word	1073873004
 258 00ac 00000000 		.word	.LC0
 259 00b0 00000000 		.word	hdma_usart2_tx
 260 00b4 80000240 		.word	1073873024
 261              		.cfi_endproc
 262              	.LFE124:
 264              		.section	.text.HAL_USART_MspInit,"ax",%progbits
 265              		.align	2
 266              		.global	HAL_USART_MspInit
 267              		.thumb
 268              		.thumb_func
 270              	HAL_USART_MspInit:
 271              	.LFB125:
 146:Src/stm32f3xx_hal_msp.c **** 
 147:Src/stm32f3xx_hal_msp.c **** void HAL_USART_MspInit(USART_HandleTypeDef* husart)
 148:Src/stm32f3xx_hal_msp.c **** {
 272              		.loc 1 148 0
 273              		.cfi_startproc
 274              		@ args = 0, pretend = 0, frame = 24
 275              		@ frame_needed = 0, uses_anonymous_args = 0
 276              	.LVL16:
 149:Src/stm32f3xx_hal_msp.c **** 
 150:Src/stm32f3xx_hal_msp.c ****   GPIO_InitTypeDef GPIO_InitStruct;
 151:Src/stm32f3xx_hal_msp.c ****   if(husart->Instance==USART3)
 277              		.loc 1 151 0
 278 0000 0268     		ldr	r2, [r0]
 279 0002 114B     		ldr	r3, .L17
 280 0004 9A42     		cmp	r2, r3
 281 0006 1ED1     		bne	.L16
 148:Src/stm32f3xx_hal_msp.c **** 
 282              		.loc 1 148 0
 283 0008 00B5     		push	{lr}
 284              	.LCFI7:
 285              		.cfi_def_cfa_offset 4
 286              		.cfi_offset 14, -4
 287 000a 87B0     		sub	sp, sp, #28
 288              	.LCFI8:
 289              		.cfi_def_cfa_offset 32
 290              	.LBB4:
 152:Src/stm32f3xx_hal_msp.c ****   {
 153:Src/stm32f3xx_hal_msp.c ****   /* USER CODE BEGIN USART3_MspInit 0 */
 154:Src/stm32f3xx_hal_msp.c **** 
 155:Src/stm32f3xx_hal_msp.c ****   /* USER CODE END USART3_MspInit 0 */
 156:Src/stm32f3xx_hal_msp.c ****     /* Peripheral clock enable */
 157:Src/stm32f3xx_hal_msp.c ****     __HAL_RCC_USART3_CLK_ENABLE();
 291              		.loc 1 157 0
 292 000c 03F5E433 		add	r3, r3, #116736
 293 0010 DA69     		ldr	r2, [r3, #28]
 294 0012 42F48022 		orr	r2, r2, #262144
 295 0016 DA61     		str	r2, [r3, #28]
 296 0018 DB69     		ldr	r3, [r3, #28]
 297 001a 03F48023 		and	r3, r3, #262144
 298 001e 0093     		str	r3, [sp]
 299 0020 009B     		ldr	r3, [sp]
 300              	.LBE4:
 158:Src/stm32f3xx_hal_msp.c **** 
 159:Src/stm32f3xx_hal_msp.c ****     /**USART3 GPIO Configuration
ARM GAS  C:\Users\geoma\AppData\Local\Temp\ccO54zMc.s 			page 9


 160:Src/stm32f3xx_hal_msp.c ****     PB10     ------> USART3_TX
 161:Src/stm32f3xx_hal_msp.c ****     PB11     ------> USART3_RX
 162:Src/stm32f3xx_hal_msp.c ****     PB12     ------> USART3_CK
 163:Src/stm32f3xx_hal_msp.c ****     */
 164:Src/stm32f3xx_hal_msp.c ****     GPIO_InitStruct.Pin = GPIO_PIN_10|GPIO_PIN_11|GPIO_PIN_12;
 301              		.loc 1 164 0
 302 0022 4FF4E053 		mov	r3, #7168
 303 0026 0193     		str	r3, [sp, #4]
 165:Src/stm32f3xx_hal_msp.c ****     GPIO_InitStruct.Mode = GPIO_MODE_AF_PP;
 304              		.loc 1 165 0
 305 0028 0223     		movs	r3, #2
 306 002a 0293     		str	r3, [sp, #8]
 166:Src/stm32f3xx_hal_msp.c ****     GPIO_InitStruct.Pull = GPIO_NOPULL;
 307              		.loc 1 166 0
 308 002c 0023     		movs	r3, #0
 309 002e 0393     		str	r3, [sp, #12]
 167:Src/stm32f3xx_hal_msp.c ****     GPIO_InitStruct.Speed = GPIO_SPEED_FREQ_HIGH;
 310              		.loc 1 167 0
 311 0030 0323     		movs	r3, #3
 312 0032 0493     		str	r3, [sp, #16]
 168:Src/stm32f3xx_hal_msp.c ****     GPIO_InitStruct.Alternate = GPIO_AF7_USART3;
 313              		.loc 1 168 0
 314 0034 0723     		movs	r3, #7
 315 0036 0593     		str	r3, [sp, #20]
 169:Src/stm32f3xx_hal_msp.c ****     HAL_GPIO_Init(GPIOB, &GPIO_InitStruct);
 316              		.loc 1 169 0
 317 0038 0448     		ldr	r0, .L17+4
 318              	.LVL17:
 319 003a 01A9     		add	r1, sp, #4
 320 003c FFF7FEFF 		bl	HAL_GPIO_Init
 321              	.LVL18:
 170:Src/stm32f3xx_hal_msp.c **** 
 171:Src/stm32f3xx_hal_msp.c ****   /* USER CODE BEGIN USART3_MspInit 1 */
 172:Src/stm32f3xx_hal_msp.c **** 
 173:Src/stm32f3xx_hal_msp.c ****   /* USER CODE END USART3_MspInit 1 */
 174:Src/stm32f3xx_hal_msp.c ****   }
 175:Src/stm32f3xx_hal_msp.c **** 
 176:Src/stm32f3xx_hal_msp.c **** }
 322              		.loc 1 176 0
 323 0040 07B0     		add	sp, sp, #28
 324              	.LCFI9:
 325              		.cfi_def_cfa_offset 4
 326              		@ sp needed
 327 0042 5DF804FB 		ldr	pc, [sp], #4
 328              	.LVL19:
 329              	.L16:
 330              	.LCFI10:
 331              		.cfi_def_cfa_offset 0
 332              		.cfi_restore 14
 333 0046 7047     		bx	lr
 334              	.L18:
 335              		.align	2
 336              	.L17:
 337 0048 00480040 		.word	1073760256
 338 004c 00040048 		.word	1207960576
 339              		.cfi_endproc
 340              	.LFE125:
ARM GAS  C:\Users\geoma\AppData\Local\Temp\ccO54zMc.s 			page 10


 342              		.section	.text.HAL_UART_MspDeInit,"ax",%progbits
 343              		.align	2
 344              		.global	HAL_UART_MspDeInit
 345              		.thumb
 346              		.thumb_func
 348              	HAL_UART_MspDeInit:
 349              	.LFB126:
 177:Src/stm32f3xx_hal_msp.c **** 
 178:Src/stm32f3xx_hal_msp.c **** void HAL_UART_MspDeInit(UART_HandleTypeDef* huart)
 179:Src/stm32f3xx_hal_msp.c **** {
 350              		.loc 1 179 0
 351              		.cfi_startproc
 352              		@ args = 0, pretend = 0, frame = 0
 353              		@ frame_needed = 0, uses_anonymous_args = 0
 354              	.LVL20:
 180:Src/stm32f3xx_hal_msp.c **** 
 181:Src/stm32f3xx_hal_msp.c ****   if(huart->Instance==USART2)
 355              		.loc 1 181 0
 356 0000 0268     		ldr	r2, [r0]
 357 0002 0B4B     		ldr	r3, .L23
 358 0004 9A42     		cmp	r2, r3
 359 0006 12D1     		bne	.L22
 179:Src/stm32f3xx_hal_msp.c **** 
 360              		.loc 1 179 0
 361 0008 10B5     		push	{r4, lr}
 362              	.LCFI11:
 363              		.cfi_def_cfa_offset 8
 364              		.cfi_offset 4, -8
 365              		.cfi_offset 14, -4
 366 000a 0446     		mov	r4, r0
 182:Src/stm32f3xx_hal_msp.c ****   {
 183:Src/stm32f3xx_hal_msp.c ****   /* USER CODE BEGIN USART2_MspDeInit 0 */
 184:Src/stm32f3xx_hal_msp.c **** 
 185:Src/stm32f3xx_hal_msp.c ****   /* USER CODE END USART2_MspDeInit 0 */
 186:Src/stm32f3xx_hal_msp.c ****     /* Peripheral clock disable */
 187:Src/stm32f3xx_hal_msp.c ****     __HAL_RCC_USART2_CLK_DISABLE();
 367              		.loc 1 187 0
 368 000c 094A     		ldr	r2, .L23+4
 369 000e D369     		ldr	r3, [r2, #28]
 370 0010 23F40033 		bic	r3, r3, #131072
 371 0014 D361     		str	r3, [r2, #28]
 188:Src/stm32f3xx_hal_msp.c **** 
 189:Src/stm32f3xx_hal_msp.c ****     /**USART2 GPIO Configuration
 190:Src/stm32f3xx_hal_msp.c ****     PA2     ------> USART2_TX
 191:Src/stm32f3xx_hal_msp.c ****     PA3     ------> USART2_RX
 192:Src/stm32f3xx_hal_msp.c ****     */
 193:Src/stm32f3xx_hal_msp.c ****     HAL_GPIO_DeInit(GPIOA, USART_TX_Pin|USART_RX_Pin);
 372              		.loc 1 193 0
 373 0016 4FF09040 		mov	r0, #1207959552
 374              	.LVL21:
 375 001a 0C21     		movs	r1, #12
 376 001c FFF7FEFF 		bl	HAL_GPIO_DeInit
 377              	.LVL22:
 194:Src/stm32f3xx_hal_msp.c **** 
 195:Src/stm32f3xx_hal_msp.c ****     /* USART2 DMA DeInit */
 196:Src/stm32f3xx_hal_msp.c ****     HAL_DMA_DeInit(huart->hdmarx);
 378              		.loc 1 196 0
ARM GAS  C:\Users\geoma\AppData\Local\Temp\ccO54zMc.s 			page 11


 379 0020 606E     		ldr	r0, [r4, #100]
 380 0022 FFF7FEFF 		bl	HAL_DMA_DeInit
 381              	.LVL23:
 197:Src/stm32f3xx_hal_msp.c ****     HAL_DMA_DeInit(huart->hdmatx);
 382              		.loc 1 197 0
 383 0026 206E     		ldr	r0, [r4, #96]
 384 0028 FFF7FEFF 		bl	HAL_DMA_DeInit
 385              	.LVL24:
 386 002c 10BD     		pop	{r4, pc}
 387              	.LVL25:
 388              	.L22:
 389              	.LCFI12:
 390              		.cfi_def_cfa_offset 0
 391              		.cfi_restore 4
 392              		.cfi_restore 14
 393 002e 7047     		bx	lr
 394              	.L24:
 395              		.align	2
 396              	.L23:
 397 0030 00440040 		.word	1073759232
 398 0034 00100240 		.word	1073876992
 399              		.cfi_endproc
 400              	.LFE126:
 402              		.section	.text.HAL_USART_MspDeInit,"ax",%progbits
 403              		.align	2
 404              		.global	HAL_USART_MspDeInit
 405              		.thumb
 406              		.thumb_func
 408              	HAL_USART_MspDeInit:
 409              	.LFB127:
 198:Src/stm32f3xx_hal_msp.c ****   /* USER CODE BEGIN USART2_MspDeInit 1 */
 199:Src/stm32f3xx_hal_msp.c **** 
 200:Src/stm32f3xx_hal_msp.c ****   /* USER CODE END USART2_MspDeInit 1 */
 201:Src/stm32f3xx_hal_msp.c ****   }
 202:Src/stm32f3xx_hal_msp.c **** 
 203:Src/stm32f3xx_hal_msp.c **** }
 204:Src/stm32f3xx_hal_msp.c **** 
 205:Src/stm32f3xx_hal_msp.c **** void HAL_USART_MspDeInit(USART_HandleTypeDef* husart)
 206:Src/stm32f3xx_hal_msp.c **** {
 410              		.loc 1 206 0
 411              		.cfi_startproc
 412              		@ args = 0, pretend = 0, frame = 0
 413              		@ frame_needed = 0, uses_anonymous_args = 0
 414              	.LVL26:
 415 0000 08B5     		push	{r3, lr}
 416              	.LCFI13:
 417              		.cfi_def_cfa_offset 8
 418              		.cfi_offset 3, -8
 419              		.cfi_offset 14, -4
 207:Src/stm32f3xx_hal_msp.c **** 
 208:Src/stm32f3xx_hal_msp.c ****   if(husart->Instance==USART3)
 420              		.loc 1 208 0
 421 0002 0268     		ldr	r2, [r0]
 422 0004 064B     		ldr	r3, .L28
 423 0006 9A42     		cmp	r2, r3
 424 0008 09D1     		bne	.L25
 209:Src/stm32f3xx_hal_msp.c ****   {
ARM GAS  C:\Users\geoma\AppData\Local\Temp\ccO54zMc.s 			page 12


 210:Src/stm32f3xx_hal_msp.c ****   /* USER CODE BEGIN USART3_MspDeInit 0 */
 211:Src/stm32f3xx_hal_msp.c **** 
 212:Src/stm32f3xx_hal_msp.c ****   /* USER CODE END USART3_MspDeInit 0 */
 213:Src/stm32f3xx_hal_msp.c ****     /* Peripheral clock disable */
 214:Src/stm32f3xx_hal_msp.c ****     __HAL_RCC_USART3_CLK_DISABLE();
 425              		.loc 1 214 0
 426 000a 064A     		ldr	r2, .L28+4
 427 000c D369     		ldr	r3, [r2, #28]
 428 000e 23F48023 		bic	r3, r3, #262144
 429 0012 D361     		str	r3, [r2, #28]
 215:Src/stm32f3xx_hal_msp.c **** 
 216:Src/stm32f3xx_hal_msp.c ****     /**USART3 GPIO Configuration
 217:Src/stm32f3xx_hal_msp.c ****     PB10     ------> USART3_TX
 218:Src/stm32f3xx_hal_msp.c ****     PB11     ------> USART3_RX
 219:Src/stm32f3xx_hal_msp.c ****     PB12     ------> USART3_CK
 220:Src/stm32f3xx_hal_msp.c ****     */
 221:Src/stm32f3xx_hal_msp.c ****     HAL_GPIO_DeInit(GPIOB, GPIO_PIN_10|GPIO_PIN_11|GPIO_PIN_12);
 430              		.loc 1 221 0
 431 0014 0448     		ldr	r0, .L28+8
 432              	.LVL27:
 433 0016 4FF4E051 		mov	r1, #7168
 434 001a FFF7FEFF 		bl	HAL_GPIO_DeInit
 435              	.LVL28:
 436              	.L25:
 437 001e 08BD     		pop	{r3, pc}
 438              	.L29:
 439              		.align	2
 440              	.L28:
 441 0020 00480040 		.word	1073760256
 442 0024 00100240 		.word	1073876992
 443 0028 00040048 		.word	1207960576
 444              		.cfi_endproc
 445              	.LFE127:
 447              		.section	.rodata.str1.4,"aMS",%progbits,1
 448              		.align	2
 449              	.LC0:
 450 0000 5372632F 		.ascii	"Src/stm32f3xx_hal_msp.c\000"
 450      73746D33 
 450      32663378 
 450      785F6861 
 450      6C5F6D73 
 451              		.text
 452              	.Letext0:
 453              		.file 2 "Drivers/CMSIS/Device/ST/STM32F3xx/Include/stm32f302x8.h"
 454              		.file 3 "c:\\program files (x86)\\gnu tools arm embedded\\4.9 2015q2\\arm-none-eabi\\include\\mach
 455              		.file 4 "c:\\program files (x86)\\gnu tools arm embedded\\4.9 2015q2\\arm-none-eabi\\include\\sys\
 456              		.file 5 "Drivers/STM32F3xx_HAL_Driver/Inc/stm32f3xx_hal_def.h"
 457              		.file 6 "Drivers/STM32F3xx_HAL_Driver/Inc/stm32f3xx_hal_gpio.h"
 458              		.file 7 "Drivers/STM32F3xx_HAL_Driver/Inc/stm32f3xx_hal_dma.h"
 459              		.file 8 "Drivers/STM32F3xx_HAL_Driver/Inc/stm32f3xx_hal_uart.h"
 460              		.file 9 "Drivers/STM32F3xx_HAL_Driver/Inc/stm32f3xx_hal_usart.h"
 461              		.file 10 "Drivers/CMSIS/Include/core_cm4.h"
 462              		.file 11 "Drivers/STM32F3xx_HAL_Driver/Inc/stm32f3xx_hal_cortex.h"
ARM GAS  C:\Users\geoma\AppData\Local\Temp\ccO54zMc.s 			page 13


DEFINED SYMBOLS
                            *ABS*:00000000 stm32f3xx_hal_msp.c
C:\Users\geoma\AppData\Local\Temp\ccO54zMc.s:21     .text.HAL_MspInit:00000000 $t
C:\Users\geoma\AppData\Local\Temp\ccO54zMc.s:26     .text.HAL_MspInit:00000000 HAL_MspInit
C:\Users\geoma\AppData\Local\Temp\ccO54zMc.s:106    .text.HAL_MspInit:00000078 $d
C:\Users\geoma\AppData\Local\Temp\ccO54zMc.s:111    .text.HAL_UART_MspInit:00000000 $t
C:\Users\geoma\AppData\Local\Temp\ccO54zMc.s:116    .text.HAL_UART_MspInit:00000000 HAL_UART_MspInit
C:\Users\geoma\AppData\Local\Temp\ccO54zMc.s:255    .text.HAL_UART_MspInit:000000a0 $d
C:\Users\geoma\AppData\Local\Temp\ccO54zMc.s:265    .text.HAL_USART_MspInit:00000000 $t
C:\Users\geoma\AppData\Local\Temp\ccO54zMc.s:270    .text.HAL_USART_MspInit:00000000 HAL_USART_MspInit
C:\Users\geoma\AppData\Local\Temp\ccO54zMc.s:337    .text.HAL_USART_MspInit:00000048 $d
C:\Users\geoma\AppData\Local\Temp\ccO54zMc.s:343    .text.HAL_UART_MspDeInit:00000000 $t
C:\Users\geoma\AppData\Local\Temp\ccO54zMc.s:348    .text.HAL_UART_MspDeInit:00000000 HAL_UART_MspDeInit
C:\Users\geoma\AppData\Local\Temp\ccO54zMc.s:397    .text.HAL_UART_MspDeInit:00000030 $d
C:\Users\geoma\AppData\Local\Temp\ccO54zMc.s:403    .text.HAL_USART_MspDeInit:00000000 $t
C:\Users\geoma\AppData\Local\Temp\ccO54zMc.s:408    .text.HAL_USART_MspDeInit:00000000 HAL_USART_MspDeInit
C:\Users\geoma\AppData\Local\Temp\ccO54zMc.s:441    .text.HAL_USART_MspDeInit:00000020 $d
C:\Users\geoma\AppData\Local\Temp\ccO54zMc.s:448    .rodata.str1.4:00000000 $d
                     .debug_frame:00000010 $d

UNDEFINED SYMBOLS
HAL_NVIC_SetPriorityGrouping
HAL_NVIC_SetPriority
HAL_GPIO_Init
HAL_DMA_Init
_Error_Handler
hdma_usart2_rx
hdma_usart2_tx
HAL_GPIO_DeInit
HAL_DMA_DeInit
