ARM GAS  C:\Users\geoma\AppData\Local\Temp\ccNz6wak.s 			page 1


   1              		.syntax unified
   2              		.cpu cortex-m4
   3              		.eabi_attribute 27, 1
   4              		.eabi_attribute 28, 1
   5              		.fpu fpv4-sp-d16
   6              		.eabi_attribute 20, 1
   7              		.eabi_attribute 21, 1
   8              		.eabi_attribute 23, 3
   9              		.eabi_attribute 24, 1
  10              		.eabi_attribute 25, 1
  11              		.eabi_attribute 26, 1
  12              		.eabi_attribute 30, 1
  13              		.eabi_attribute 34, 1
  14              		.eabi_attribute 18, 4
  15              		.thumb
  16              		.file	"USART_DMA_F302R8_it.c"
  17              		.text
  18              	.Ltext0:
  19              		.cfi_sections	.debug_frame
  20              		.section	.text.EXTI13_Callback,"ax",%progbits
  21              		.align	2
  22              		.global	EXTI13_Callback
  23              		.thumb
  24              		.thumb_func
  26              	EXTI13_Callback:
  27              	.LFB156:
  28              		.file 1 "C:/Users/geoma/Desktop/Scilab/scilab_test/USART_DMA_F302R8/USART_DMA_F302R8/Src/USART_DMA
   1:C:/Users/geoma/Desktop/Scilab/scilab_test/USART_DMA_F302R8/USART_DMA_F302R8/Src\USART_DMA_F302R8_it.c **** /*
   2:C:/Users/geoma/Desktop/Scilab/scilab_test/USART_DMA_F302R8/USART_DMA_F302R8/Src\USART_DMA_F302R8_it.c ****  * File: USART_DMA_F302R8_it.c
   3:C:/Users/geoma/Desktop/Scilab/scilab_test/USART_DMA_F302R8/USART_DMA_F302R8/Src\USART_DMA_F302R8_it.c ****  *
   4:C:/Users/geoma/Desktop/Scilab/scilab_test/USART_DMA_F302R8/USART_DMA_F302R8/Src\USART_DMA_F302R8_it.c ****  * Generated by STM32 Coder for Xcos with scilab-5.5.2
   5:C:/Users/geoma/Desktop/Scilab/scilab_test/USART_DMA_F302R8/USART_DMA_F302R8/Src\USART_DMA_F302R8_it.c ****  * C/C++ source code generated on  :10-Oct-2020
   6:C:/Users/geoma/Desktop/Scilab/scilab_test/USART_DMA_F302R8/USART_DMA_F302R8/Src\USART_DMA_F302R8_it.c ****  *
   7:C:/Users/geoma/Desktop/Scilab/scilab_test/USART_DMA_F302R8/USART_DMA_F302R8/Src\USART_DMA_F302R8_it.c ****  * Model version      : 1.0
   8:C:/Users/geoma/Desktop/Scilab/scilab_test/USART_DMA_F302R8/USART_DMA_F302R8/Src\USART_DMA_F302R8_it.c ****  *
   9:C:/Users/geoma/Desktop/Scilab/scilab_test/USART_DMA_F302R8/USART_DMA_F302R8/Src\USART_DMA_F302R8_it.c ****  * ******************************************************************************
  10:C:/Users/geoma/Desktop/Scilab/scilab_test/USART_DMA_F302R8/USART_DMA_F302R8/Src\USART_DMA_F302R8_it.c ****  * * attention
  11:C:/Users/geoma/Desktop/Scilab/scilab_test/USART_DMA_F302R8/USART_DMA_F302R8/Src\USART_DMA_F302R8_it.c ****  * *
  12:C:/Users/geoma/Desktop/Scilab/scilab_test/USART_DMA_F302R8/USART_DMA_F302R8/Src\USART_DMA_F302R8_it.c ****  * * THE PRESENT FIRMWARE WHICH IS FOR GUIDANCE ONLY AIMS AT PROVIDING CUSTOMERS
  13:C:/Users/geoma/Desktop/Scilab/scilab_test/USART_DMA_F302R8/USART_DMA_F302R8/Src\USART_DMA_F302R8_it.c ****  * * WITH CODING INFORMATION REGARDING THEIR PRODUCTS IN ORDER FOR THEM TO SAVE
  14:C:/Users/geoma/Desktop/Scilab/scilab_test/USART_DMA_F302R8/USART_DMA_F302R8/Src\USART_DMA_F302R8_it.c ****  * * TIME. AS A RESULT, STMICROELECTRONICS SHALL NOT BE HELD LIABLE FOR ANY
  15:C:/Users/geoma/Desktop/Scilab/scilab_test/USART_DMA_F302R8/USART_DMA_F302R8/Src\USART_DMA_F302R8_it.c ****  * * DIRECT, INDIRECT OR CONSEQUENTIAL DAMAGES WITH RESPECT TO ANY CLAIMS ARISING
  16:C:/Users/geoma/Desktop/Scilab/scilab_test/USART_DMA_F302R8/USART_DMA_F302R8/Src\USART_DMA_F302R8_it.c ****  * * FROM THE CONTENT OF SUCH FIRMWARE AND/OR THE USE MADE BY CUSTOMERS OF THE
  17:C:/Users/geoma/Desktop/Scilab/scilab_test/USART_DMA_F302R8/USART_DMA_F302R8/Src\USART_DMA_F302R8_it.c ****  * * CODING INFORMATION CONTAINED HEREIN IN CONNECTION WITH THEIR PRODUCTS.
  18:C:/Users/geoma/Desktop/Scilab/scilab_test/USART_DMA_F302R8/USART_DMA_F302R8/Src\USART_DMA_F302R8_it.c ****  * *
  19:C:/Users/geoma/Desktop/Scilab/scilab_test/USART_DMA_F302R8/USART_DMA_F302R8/Src\USART_DMA_F302R8_it.c ****  * ******************************************************************************
  20:C:/Users/geoma/Desktop/Scilab/scilab_test/USART_DMA_F302R8/USART_DMA_F302R8/Src\USART_DMA_F302R8_it.c ****  */
  21:C:/Users/geoma/Desktop/Scilab/scilab_test/USART_DMA_F302R8/USART_DMA_F302R8/Src\USART_DMA_F302R8_it.c **** 
  22:C:/Users/geoma/Desktop/Scilab/scilab_test/USART_DMA_F302R8/USART_DMA_F302R8/Src\USART_DMA_F302R8_it.c **** /* ---- Headers ---- */
  23:C:/Users/geoma/Desktop/Scilab/scilab_test/USART_DMA_F302R8/USART_DMA_F302R8/Src\USART_DMA_F302R8_it.c **** #include "USART_DMA_F302R8_it.h"
  24:C:/Users/geoma/Desktop/Scilab/scilab_test/USART_DMA_F302R8/USART_DMA_F302R8/Src\USART_DMA_F302R8_it.c **** 
  25:C:/Users/geoma/Desktop/Scilab/scilab_test/USART_DMA_F302R8/USART_DMA_F302R8/Src\USART_DMA_F302R8_it.c **** 
  26:C:/Users/geoma/Desktop/Scilab/scilab_test/USART_DMA_F302R8/USART_DMA_F302R8/Src\USART_DMA_F302R8_it.c ****    /*******************************************************************************
  27:C:/Users/geoma/Desktop/Scilab/scilab_test/USART_DMA_F302R8/USART_DMA_F302R8/Src\USART_DMA_F302R8_it.c ****    * Function Name  : EXTI13_Callback
  28:C:/Users/geoma/Desktop/Scilab/scilab_test/USART_DMA_F302R8/USART_DMA_F302R8/Src\USART_DMA_F302R8_it.c ****    * Description    : Callback for External Interrupt connected to Pin13
  29:C:/Users/geoma/Desktop/Scilab/scilab_test/USART_DMA_F302R8/USART_DMA_F302R8/Src\USART_DMA_F302R8_it.c ****    * Input          : -
  30:C:/Users/geoma/Desktop/Scilab/scilab_test/USART_DMA_F302R8/USART_DMA_F302R8/Src\USART_DMA_F302R8_it.c ****    *******************************************************************************/
ARM GAS  C:\Users\geoma\AppData\Local\Temp\ccNz6wak.s 			page 2


  31:C:/Users/geoma/Desktop/Scilab/scilab_test/USART_DMA_F302R8/USART_DMA_F302R8/Src\USART_DMA_F302R8_it.c ****    void EXTI13_Callback()
  32:C:/Users/geoma/Desktop/Scilab/scilab_test/USART_DMA_F302R8/USART_DMA_F302R8/Src\USART_DMA_F302R8_it.c ****    {
  29              		.loc 1 32 0
  30              		.cfi_startproc
  31              		@ args = 0, pretend = 0, frame = 0
  32              		@ frame_needed = 0, uses_anonymous_args = 0
  33 0000 08B5     		push	{r3, lr}
  34              	.LCFI0:
  35              		.cfi_def_cfa_offset 8
  36              		.cfi_offset 3, -8
  37              		.cfi_offset 14, -4
  33:C:/Users/geoma/Desktop/Scilab/scilab_test/USART_DMA_F302R8/USART_DMA_F302R8/Src\USART_DMA_F302R8_it.c ****     if (*(uint16_t*)USART_DMA_F302R8_block_outtbptr[0] != 0)
  38              		.loc 1 33 0
  39 0002 0B4B     		ldr	r3, .L6
  40 0004 1A68     		ldr	r2, [r3]
  41 0006 1368     		ldr	r3, [r2]
  42 0008 1988     		ldrh	r1, [r3]
  43 000a 51B1     		cbz	r1, .L2
  44              	.L3:
  34:C:/Users/geoma/Desktop/Scilab/scilab_test/USART_DMA_F302R8/USART_DMA_F302R8/Src\USART_DMA_F302R8_it.c ****     {
  35:C:/Users/geoma/Desktop/Scilab/scilab_test/USART_DMA_F302R8/USART_DMA_F302R8/Src\USART_DMA_F302R8_it.c ****      /* Wait for end of current send data*/
  36:C:/Users/geoma/Desktop/Scilab/scilab_test/USART_DMA_F302R8/USART_DMA_F302R8/Src\USART_DMA_F302R8_it.c ****      while(USART2_TxDataLink.txStatus == USART_TX_ON);
  45              		.loc 1 36 0 discriminator 1
  46 000c 094B     		ldr	r3, .L6+4
  47 000e 93F82030 		ldrb	r3, [r3, #32]	@ zero_extendqisi2
  48 0012 13F0FF0F 		tst	r3, #255
  49 0016 F9D0     		beq	.L3
  37:C:/Users/geoma/Desktop/Scilab/scilab_test/USART_DMA_F302R8/USART_DMA_F302R8/Src\USART_DMA_F302R8_it.c ****      /* Copy data to send */
  38:C:/Users/geoma/Desktop/Scilab/scilab_test/USART_DMA_F302R8/USART_DMA_F302R8/Src\USART_DMA_F302R8_it.c ****      USART2_CopyDataFcn(*(uint8_t**)USART_DMA_F302R8_block_outtbptr[1], *(uint16_t*)USART_DMA_F302R
  50              		.loc 1 38 0
  51 0018 5368     		ldr	r3, [r2, #4]
  52 001a 1868     		ldr	r0, [r3]
  53 001c 054A     		ldr	r2, .L6+4
  54 001e FFF7FEFF 		bl	USART2_CopyDataFcn
  55              	.LVL0:
  56              	.L2:
  39:C:/Users/geoma/Desktop/Scilab/scilab_test/USART_DMA_F302R8/USART_DMA_F302R8/Src\USART_DMA_F302R8_it.c ****     }
  40:C:/Users/geoma/Desktop/Scilab/scilab_test/USART_DMA_F302R8/USART_DMA_F302R8/Src\USART_DMA_F302R8_it.c ****     
  41:C:/Users/geoma/Desktop/Scilab/scilab_test/USART_DMA_F302R8/USART_DMA_F302R8/Src\USART_DMA_F302R8_it.c ****     if(USART2_TxDataLink.nb2Send)
  57              		.loc 1 41 0
  58 0022 044B     		ldr	r3, .L6+4
  59 0024 1B88     		ldrh	r3, [r3]
  60 0026 13B1     		cbz	r3, .L1
  42:C:/Users/geoma/Desktop/Scilab/scilab_test/USART_DMA_F302R8/USART_DMA_F302R8/Src\USART_DMA_F302R8_it.c ****     {
  43:C:/Users/geoma/Desktop/Scilab/scilab_test/USART_DMA_F302R8/USART_DMA_F302R8/Src\USART_DMA_F302R8_it.c ****        USART2_SendDataFcn(&USART2_TxDataLink);
  61              		.loc 1 43 0
  62 0028 0248     		ldr	r0, .L6+4
  63 002a FFF7FEFF 		bl	USART2_SendDataFcn
  64              	.LVL1:
  65              	.L1:
  66 002e 08BD     		pop	{r3, pc}
  67              	.L7:
  68              		.align	2
  69              	.L6:
  70 0030 00000000 		.word	USART_DMA_F302R8_block_outtbptr
  71 0034 00000000 		.word	USART2_TxDataLink
  72              		.cfi_endproc
ARM GAS  C:\Users\geoma\AppData\Local\Temp\ccNz6wak.s 			page 3


  73              	.LFE156:
  75              		.text
  76              	.Letext0:
  77              		.file 2 "c:\\program files (x86)\\gnu tools arm embedded\\4.9 2015q2\\arm-none-eabi\\include\\mach
  78              		.file 3 "c:\\program files (x86)\\gnu tools arm embedded\\4.9 2015q2\\arm-none-eabi\\include\\sys\
  79              		.file 4 "USART_DMA_F302R8/Inc/USART_DMA_F302R8_USART.h"
  80              		.file 5 "Drivers/CMSIS/Include/core_cm4.h"
  81              		.file 6 "USART_DMA_F302R8/Inc/USART_DMA_F302R8_GPIO.h"
ARM GAS  C:\Users\geoma\AppData\Local\Temp\ccNz6wak.s 			page 4


DEFINED SYMBOLS
                            *ABS*:00000000 USART_DMA_F302R8_it.c
C:\Users\geoma\AppData\Local\Temp\ccNz6wak.s:21     .text.EXTI13_Callback:00000000 $t
C:\Users\geoma\AppData\Local\Temp\ccNz6wak.s:26     .text.EXTI13_Callback:00000000 EXTI13_Callback
C:\Users\geoma\AppData\Local\Temp\ccNz6wak.s:70     .text.EXTI13_Callback:00000030 $d
                     .debug_frame:00000010 $d

UNDEFINED SYMBOLS
USART2_CopyDataFcn
USART2_SendDataFcn
USART_DMA_F302R8_block_outtbptr
USART2_TxDataLink
